#
# A fatal error has been detected by the Java Runtime Environment:
#
#  SIGSEGV (0xb) at pc=0x000000010d9638de, pid=6674, tid=19203
#
# JRE version: Java(TM) SE Runtime Environment (8.0_20-b26) (build 1.8.0_20-b26)
# Java VM: Java HotSpot(TM) 64-Bit Server VM (25.20-b23 mixed mode bsd-amd64 compressed oops)
# Problematic frame:
# V  [libjvm.dylib+0x1638de]  ThreadStateTransition::trans_from_native(JavaThreadState)+0xa
#
# Failed to write core dump. Core dumps have been disabled. To enable core dumping, try "ulimit -c unlimited" before starting Java again
#
# If you would like to submit a bug report, please visit:
#   http://bugreport.sun.com/bugreport/crash.jsp
# The crash happened outside the Java Virtual Machine in native code.
# See problematic frame for where to report the bug.
#

---------------  T H R E A D  ---------------

Current thread (0x00007f88928be800):  JavaThread "0" [_thread_in_native, id=19203, stack(0x000000012671e000,0x000000012681e000)]

siginfo: si_signo: 11 (SIGSEGV), si_code: 1 (SEGV_MAPERR), si_addr: 0x0000000000000260

Registers:
RAX=0x0000000000000000, RBX=0x0000000000000000, RCX=0x000000012681c810, RDX=0x00007f8892559440
RSP=0x000000012681c710, RBP=0x000000012681c720, RSI=0x0000000000000006, RDI=0x000000012681c7b0
R8 =0x000000012681c8b0, R9 =0x000000012681e000, R10=0x0000000000000008, R11=0x0000000000000246
R12=0x00007f88939621e8, R13=0x0000000000000000, R14=0x00007f8892559440, R15=0x000000012681cb98
RIP=0x000000010d9638de, EFLAGS=0x0000000000010246, ERR=0x0000000000000006
  TRAPNO=0x000000000000000e

Top of Stack: (sp=0x000000012681c710)
0x000000012681c710:   000000012681c810 00007f8892559440
0x000000012681c720:   000000012681c7e0 000000010dafb26c
0x000000012681c730:   000000012681c7a0 00007fff9bef00ff
0x000000012681c740:   0000000000000003 00007fff8f7dee68
0x000000012681c750:   0000000000000001 0000000000000000
0x000000012681c760:   000000012681c7dc 000000012681c7e0
0x000000012681c770:   000000012681c7e4 00007fff7ebc7108
0x000000012681c780:   ffffffffffffffff 0001206800000040
0x000000012681c790:   00007fff7ebc7120 00007fff7ebc7108
0x000000012681c7a0:   0000000000000000 00007fff7ebc7358
0x000000012681c7b0:   0000000000000000 0000000122fdaeb0
0x000000012681c7c0:   0000000000000000 0000000122fdaea8
0x000000012681c7d0:   000000012681cbb8 00007f88928be800
0x000000012681c7e0:   000000012681c8e0 0000000126881b97
0x000000012681c7f0:   000000012681c864 00007f8892559440
0x000000012681c800:   000000012681cb98 00007f88939621e8
0x000000012681c810:   0000003000000018 000000012681c8f0
0x000000012681c820:   000000012681c830 0000000000000000
0x000000012681c830:   000000012681c8ac 000000012681c8b0
0x000000012681c840:   000000012681c8b4 000000012681cb98
0x000000012681c850:   000000012681c8b0 000000012681e000
0x000000012681c860:   00007fff7ebc7120 00007fff7ebc7108
0x000000012681c870:   0000000000000000 0000000122fdaea8
0x000000012681c880:   0000000000000000 00007f88928be800
0x000000012681c890:   000000012681c8d0 00007fff8f7debe2
0x000000012681c8a0:   000000012681c8d0 000120689beed4c7
0x000000012681c8b0:   00005a0000005a00 00007fff7ebc7358
0x000000012681c8c0:   0000000000000000 00007f88928be800
0x000000012681c8d0:   000000012681c8f0 00007fff9beed420
0x000000012681c8e0:   000000012681c900 0000000126882cbe
0x000000012681c8f0:   000000012681caf0 000000012681c9d0
0x000000012681c900:   000000012681caf0 000000012688151d 

Instructions: (pc=0x000000010d9638de)
0x000000010d9638be:   0e 48 8b 0b 49 8b 56 18 48 63 c0 48 89 0c c2 5b
0x000000010d9638ce:   41 5e 5d c3 90 90 55 48 89 e5 41 56 53 48 8b 1f
0x000000010d9638de:   c7 83 60 02 00 00 05 00 00 00 48 8d 05 e9 7f 73
0x000000010d9638ee:   00 8b 00 83 f8 01 41 89 f6 7f 0c 48 8d 0d 06 fc 

Register to memory mapping:

RAX=0x0000000000000000 is an unknown value
RBX=0x0000000000000000 is an unknown value
RCX=0x000000012681c810 is pointing into the stack for thread: 0x00007f88928be800
RDX=0x00007f8892559440 is an unknown value
RSP=0x000000012681c710 is pointing into the stack for thread: 0x00007f88928be800
RBP=0x000000012681c720 is pointing into the stack for thread: 0x00007f88928be800
RSI=0x0000000000000006 is an unknown value
RDI=0x000000012681c7b0 is pointing into the stack for thread: 0x00007f88928be800
R8 =0x000000012681c8b0 is pointing into the stack for thread: 0x00007f88928be800
R9 =0x000000012681e000 is pointing into the stack for thread: 0x00007f88928be800
R10=0x0000000000000008 is an unknown value
R11=0x0000000000000246 is an unknown value
R12=0x00007f88939621e8 is an unknown value
R13=0x0000000000000000 is an unknown value
R14=0x00007f8892559440 is an unknown value
R15=0x000000012681cb98 is pointing into the stack for thread: 0x00007f88928be800


Stack: [0x000000012671e000,0x000000012681e000],  sp=0x000000012681c710,  free space=1017k
Native frames: (J=compiled Java code, j=interpreted, Vv=VM code, C=native code)
V  [libjvm.dylib+0x1638de]  ThreadStateTransition::trans_from_native(JavaThreadState)+0xa
V  [libjvm.dylib+0x2fb26c]  jni_CallIntMethodV+0x3d
C  [libgenerator.jnilib+0x11b97]  JNIEnv_::CallIntMethod(_jobject*, _jmethodID*, ...)+0xb5
C  [libgenerator.jnilib+0x12cbe]  JVM::ListClass::Instance::size()+0x3a
C  [libgenerator.jnilib+0x1151d]  Java_cz_muni_fi_distributed_graph_NodeFactory_getNativeInit+0x2a3
j  cz.muni.fi.distributed.graph.NodeFactory.getNativeInit(Ljava/lang/String;IFLjava/util/List;Ljava/util/Map;)Ljava/util/Map;+0
j  cz.muni.fi.distributed.graph.NodeFactory.getAllValidNodes(Lcz/muni/fi/ctl/formula/Formula;)Ljava/util/Map;+101
j  cz.muni.fi.DistributedModelChecker.check(Lcz/muni/fi/ctl/formula/Formula;)V+15
j  cz.muni.fi.DistributedModelChecker.check(Lcz/muni/fi/ctl/formula/Formula;)V+143
j  cz.muni.fi.DistributedModelChecker.check(Lcz/muni/fi/ctl/formula/Formula;)V+143
j  cz.muni.fi.DistributedModelChecker.check(Lcz/muni/fi/ctl/formula/Formula;)V+143
j  cz.muni.fi.DistributedModelChecker.check(Lcz/muni/fi/ctl/formula/Formula;)V+143
j  cz.muni.fi.DistributedModelChecker.check(Lcz/muni/fi/ctl/formula/Formula;)V+143
j  cz.muni.fi.MPIDemo.main([Ljava/lang/String;)V+87
v  ~StubRoutines::call_stub
V  [libjvm.dylib+0x2d429e]  JavaCalls::call_helper(JavaValue*, methodHandle*, JavaCallArguments*, Thread*)+0x6ae
V  [libjvm.dylib+0x4a2b90]  Reflection::invoke(instanceKlassHandle, methodHandle, Handle, bool, objArrayHandle, BasicType, objArrayHandle, bool, Thread*)+0xdf8
V  [libjvm.dylib+0x4a30a8]  Reflection::invoke_method(oopDesc*, Handle, objArrayHandle, Thread*)+0x16c
V  [libjvm.dylib+0x322984]  JVM_InvokeMethod+0x166
j  sun.reflect.NativeMethodAccessorImpl.invoke0(Ljava/lang/reflect/Method;Ljava/lang/Object;[Ljava/lang/Object;)Ljava/lang/Object;+0
j  sun.reflect.NativeMethodAccessorImpl.invoke(Ljava/lang/Object;[Ljava/lang/Object;)Ljava/lang/Object;+100
j  sun.reflect.DelegatingMethodAccessorImpl.invoke(Ljava/lang/Object;[Ljava/lang/Object;)Ljava/lang/Object;+6
j  java.lang.reflect.Method.invoke(Ljava/lang/Object;[Ljava/lang/Object;)Ljava/lang/Object;+56
j  runtime.starter.MulticoreStarter$1.run()V+954
j  java.lang.Thread.run()V+11
v  ~StubRoutines::call_stub
V  [libjvm.dylib+0x2d429e]  JavaCalls::call_helper(JavaValue*, methodHandle*, JavaCallArguments*, Thread*)+0x6ae
V  [libjvm.dylib+0x2d4a2c]  JavaCalls::call_virtual(JavaValue*, KlassHandle, Symbol*, Symbol*, JavaCallArguments*, Thread*)+0x164
V  [libjvm.dylib+0x2d4bd8]  JavaCalls::call_virtual(JavaValue*, Handle, KlassHandle, Symbol*, Symbol*, Thread*)+0x4a
V  [libjvm.dylib+0x32562b]  thread_entry(JavaThread*, Thread*)+0x7c
V  [libjvm.dylib+0x535a51]  JavaThread::thread_main_inner()+0x9b
V  [libjvm.dylib+0x537194]  JavaThread::run()+0x1c2
V  [libjvm.dylib+0x45d35a]  java_start(Thread*)+0xf6
C  [libsystem_pthread.dylib+0x32fc]  _pthread_body+0x83
C  [libsystem_pthread.dylib+0x3279]  _pthread_body+0x0
C  [libsystem_pthread.dylib+0x14b1]  thread_start+0xd
C  0x0000000000000000

Java frames: (J=compiled Java code, j=interpreted, Vv=VM code)
j  cz.muni.fi.distributed.graph.NodeFactory.getNativeInit(Ljava/lang/String;IFLjava/util/List;Ljava/util/Map;)Ljava/util/Map;+0
j  cz.muni.fi.distributed.graph.NodeFactory.getAllValidNodes(Lcz/muni/fi/ctl/formula/Formula;)Ljava/util/Map;+101
j  cz.muni.fi.DistributedModelChecker.check(Lcz/muni/fi/ctl/formula/Formula;)V+15
j  cz.muni.fi.DistributedModelChecker.check(Lcz/muni/fi/ctl/formula/Formula;)V+143
j  cz.muni.fi.DistributedModelChecker.check(Lcz/muni/fi/ctl/formula/Formula;)V+143
j  cz.muni.fi.DistributedModelChecker.check(Lcz/muni/fi/ctl/formula/Formula;)V+143
j  cz.muni.fi.DistributedModelChecker.check(Lcz/muni/fi/ctl/formula/Formula;)V+143
j  cz.muni.fi.DistributedModelChecker.check(Lcz/muni/fi/ctl/formula/Formula;)V+143
j  cz.muni.fi.MPIDemo.main([Ljava/lang/String;)V+87
v  ~StubRoutines::call_stub
j  sun.reflect.NativeMethodAccessorImpl.invoke0(Ljava/lang/reflect/Method;Ljava/lang/Object;[Ljava/lang/Object;)Ljava/lang/Object;+0
j  sun.reflect.NativeMethodAccessorImpl.invoke(Ljava/lang/Object;[Ljava/lang/Object;)Ljava/lang/Object;+100
j  sun.reflect.DelegatingMethodAccessorImpl.invoke(Ljava/lang/Object;[Ljava/lang/Object;)Ljava/lang/Object;+6
j  java.lang.reflect.Method.invoke(Ljava/lang/Object;[Ljava/lang/Object;)Ljava/lang/Object;+56
j  runtime.starter.MulticoreStarter$1.run()V+954
j  java.lang.Thread.run()V+11
v  ~StubRoutines::call_stub

---------------  P R O C E S S  ---------------

Java Threads: ( => current thread )
=>0x00007f88928be800 JavaThread "0" [_thread_in_native, id=19203, stack(0x000000012671e000,0x000000012681e000)]
  0x00007f889285d000 JavaThread "Service Thread" daemon [_thread_blocked, id=18179, stack(0x0000000126472000,0x0000000126572000)]
  0x00007f8894051000 JavaThread "C1 CompilerThread2" daemon [_thread_blocked, id=17667, stack(0x000000012636f000,0x000000012646f000)]
  0x00007f8894062000 JavaThread "C2 CompilerThread1" daemon [_thread_blocked, id=17155, stack(0x000000012626c000,0x000000012636c000)]
  0x00007f889404f000 JavaThread "C2 CompilerThread0" daemon [_thread_blocked, id=16643, stack(0x0000000126169000,0x0000000126269000)]
  0x00007f8894061000 JavaThread "Signal Dispatcher" daemon [_thread_blocked, id=13071, stack(0x0000000126066000,0x0000000126166000)]
  0x00007f889281a800 JavaThread "Finalizer" daemon [_thread_blocked, id=11523, stack(0x0000000124720000,0x0000000124820000)]
  0x00007f8892819800 JavaThread "Reference Handler" daemon [_thread_blocked, id=11011, stack(0x000000012461d000,0x000000012471d000)]
  0x00007f8894001000 JavaThread "main" [_thread_blocked, id=3847, stack(0x000000010e71c000,0x000000010e81c000)]

Other Threads:
  0x00007f8892817000 VMThread [stack: 0x000000012451a000,0x000000012461a000] [id=10499]
  0x00007f8893813000 WatcherThread [stack: 0x0000000126575000,0x0000000126675000] [id=18691]

VM state:not at safepoint (normal execution)

VM Mutex/Monitor currently owned by a thread: None

Heap:
 PSYoungGen      total 38400K, used 22650K [0x0000000795580000, 0x0000000798000000, 0x00000007c0000000)
  eden space 33280K, 68% used [0x0000000795580000,0x0000000796b9e970,0x0000000797600000)
  from space 5120K, 0% used [0x0000000797b00000,0x0000000797b00000,0x0000000798000000)
  to   space 5120K, 0% used [0x0000000797600000,0x0000000797600000,0x0000000797b00000)
 ParOldGen       total 87552K, used 0K [0x0000000740000000, 0x0000000745580000, 0x0000000795580000)
  object space 87552K, 0% used [0x0000000740000000,0x0000000740000000,0x0000000745580000)
 Metaspace       used 5538K, capacity 6224K, committed 6400K, reserved 1056768K
  class space    used 655K, capacity 696K, committed 768K, reserved 1048576K

Card table byte_map: [0x000000011dbde000,0x000000011dfdf000] byte_map_base: 0x000000011a1de000

Marking Bits: (ParMarkBitMap*) 0x000000010e09c330
 Begin Bits: [0x000000011e696000, 0x0000000120696000)
 End Bits:   [0x0000000120696000, 0x0000000122696000)

Polling page: 0x000000010cf76000

CodeCache: size=245760Kb used=2032Kb max_used=2032Kb free=243727Kb
 bounds [0x000000010e81e000, 0x000000010ea8e000, 0x000000011d81e000]
 total_blobs=724 nmethods=420 adapters=219
 compilation: enabled

Compilation events (10 events):
Event: 0.459 Thread 0x00007f8894051000 nmethod 415 0x000000010ea174d0 code [0x000000010ea17640, 0x000000010ea17890]
Event: 0.459 Thread 0x00007f8894051000  416       3       java.util.ArrayList$Itr::<init> (26 bytes)
Event: 0.459 Thread 0x00007f8894051000 nmethod 416 0x000000010ea179d0 code [0x000000010ea17b40, 0x000000010ea17d30]
Event: 0.459 Thread 0x00007f8894051000  417       3       java.util.ArrayList::iterator (10 bytes)
Event: 0.460 Thread 0x00007f8894051000 nmethod 417 0x000000010ea17e10 code [0x000000010ea17f80, 0x000000010ea18270]
Event: 0.460 Thread 0x00007f8894051000  418       3       java.util.TreeMap::compare (32 bytes)
Event: 0.460 Thread 0x00007f8894051000 nmethod 418 0x000000010ea183d0 code [0x000000010ea18560, 0x000000010ea18998]
Event: 0.460 Thread 0x00007f8894051000  419       1       java.lang.System::getSecurityManager (4 bytes)
Event: 0.460 Thread 0x00007f8894051000 nmethod 419 0x000000010ea18ad0 code [0x000000010ea18c20, 0x000000010ea18d10]
Event: 0.460 Thread 0x00007f8894051000  420       3       java.nio.Buffer::<init> (121 bytes)

GC Heap History (0 events):
No events

Deoptimization events (0 events):
No events

Internal exceptions (10 events):
Event: 0.438 Thread 0x00007f8894172000 Exception <a 'java/security/PrivilegedActionException'> (0x00000007961e84a8) thrown at [/HUDSON3/workspace/8-2-build-macosx-x86_64/jdk8u20/1074/hotspot/src/share/vm/prims/jvm.cpp, line 1275]
Event: 0.438 Thread 0x00007f8894172000 Exception <a 'java/security/PrivilegedActionException'> (0x00000007961e9150) thrown at [/HUDSON3/workspace/8-2-build-macosx-x86_64/jdk8u20/1074/hotspot/src/share/vm/prims/jvm.cpp, line 1275]
Event: 0.439 Thread 0x00007f8894172000 Exception <a 'java/security/PrivilegedActionException'> (0x00000007961ec8e0) thrown at [/HUDSON3/workspace/8-2-build-macosx-x86_64/jdk8u20/1074/hotspot/src/share/vm/prims/jvm.cpp, line 1275]
Event: 0.439 Thread 0x00007f88928fc800 Exception <a 'java/security/PrivilegedActionException'> (0x0000000796144b38) thrown at [/HUDSON3/workspace/8-2-build-macosx-x86_64/jdk8u20/1074/hotspot/src/share/vm/prims/jvm.cpp, line 1275]
Event: 0.439 Thread 0x00007f8894172000 Exception <a 'java/security/PrivilegedActionException'> (0x00000007961ed488) thrown at [/HUDSON3/workspace/8-2-build-macosx-x86_64/jdk8u20/1074/hotspot/src/share/vm/prims/jvm.cpp, line 1275]
Event: 0.439 Thread 0x00007f88928fc800 Exception <a 'java/security/PrivilegedActionException'> (0x0000000796145de0) thrown at [/HUDSON3/workspace/8-2-build-macosx-x86_64/jdk8u20/1074/hotspot/src/share/vm/prims/jvm.cpp, line 1275]
Event: 0.441 Thread 0x00007f8894172000 Exception <a 'java/security/PrivilegedActionException'> (0x00000007961efc80) thrown at [/HUDSON3/workspace/8-2-build-macosx-x86_64/jdk8u20/1074/hotspot/src/share/vm/prims/jvm.cpp, line 1275]
Event: 0.441 Thread 0x00007f8894172000 Exception <a 'java/security/PrivilegedActionException'> (0x00000007961f3bb8) thrown at [/HUDSON3/workspace/8-2-build-macosx-x86_64/jdk8u20/1074/hotspot/src/share/vm/prims/jvm.cpp, line 1275]
Event: 0.442 Thread 0x00007f8894172800 Exception <a 'java/security/PrivilegedActionException'> (0x00000007962865b0) thrown at [/HUDSON3/workspace/8-2-build-macosx-x86_64/jdk8u20/1074/hotspot/src/share/vm/prims/jvm.cpp, line 1275]
Event: 0.443 Thread 0x00007f8894172800 Exception <a 'java/security/PrivilegedActionException'> (0x0000000796289860) thrown at [/HUDSON3/workspace/8-2-build-macosx-x86_64/jdk8u20/1074/hotspot/src/share/vm/prims/jvm.cpp, line 1275]

Events (10 events):
Event: 0.454 Thread 0x00007f8894172000 Thread exited: 0x00007f8894172000
Event: 0.454 Thread 0x00007f88928fc800 Thread exited: 0x00007f88928fc800
Event: 0.455 Thread 0x00007f8893962000 Thread added: 0x00007f8893962000
Event: 0.455 Thread 0x00007f8893962800 Thread added: 0x00007f8893962800
Event: 0.455 Thread 0x00007f88928fc800 Thread added: 0x00007f88928fc800
Event: 0.460 Thread 0x00007f88930c3000 Thread added: 0x00007f88930c3000
Event: 0.460 Thread 0x00007f88930c3000 Thread exited: 0x00007f88930c3000
Event: 0.460 Thread 0x00007f8893962800 Thread exited: 0x00007f8893962800
Event: 0.460 Thread 0x00007f88928fc800 Thread exited: 0x00007f88928fc800
Event: 0.461 Thread 0x00007f8893962000 Thread exited: 0x00007f8893962000


Dynamic libraries:
0x000000000c66c000 	/System/Library/Frameworks/Cocoa.framework/Versions/A/Cocoa
0x000000000c66c000 	/System/Library/Frameworks/Security.framework/Versions/A/Security
0x000000000c66c000 	/System/Library/Frameworks/ApplicationServices.framework/Versions/A/ApplicationServices
0x000000000c66c000 	/usr/lib/libz.1.dylib
0x000000000c66c000 	/usr/lib/libSystem.B.dylib
0x000000000c66c000 	/usr/lib/libobjc.A.dylib
0x000000000c66c000 	/System/Library/Frameworks/CoreFoundation.framework/Versions/A/CoreFoundation
0x000000000c66c000 	/System/Library/Frameworks/Foundation.framework/Versions/C/Foundation
0x000000000c66c000 	/System/Library/Frameworks/AppKit.framework/Versions/C/AppKit
0x000000000c66c000 	/System/Library/Frameworks/CoreData.framework/Versions/A/CoreData
0x000000000c66c000 	/System/Library/PrivateFrameworks/RemoteViewServices.framework/Versions/A/RemoteViewServices
0x000000000c66c000 	/System/Library/PrivateFrameworks/UIFoundation.framework/Versions/A/UIFoundation
0x000000000c66c000 	/System/Library/Frameworks/IOSurface.framework/Versions/A/IOSurface
0x000000000c66c000 	/System/Library/Frameworks/AudioToolbox.framework/Versions/A/AudioToolbox
0x000000000c66c000 	/System/Library/Frameworks/AudioUnit.framework/Versions/A/AudioUnit
0x000000000c66c000 	/System/Library/PrivateFrameworks/DataDetectorsCore.framework/Versions/A/DataDetectorsCore
0x000000000c66c000 	/System/Library/PrivateFrameworks/DesktopServicesPriv.framework/Versions/A/DesktopServicesPriv
0x000000000c66c000 	/System/Library/Frameworks/Carbon.framework/Versions/A/Frameworks/HIToolbox.framework/Versions/A/HIToolbox
0x000000000c66c000 	/System/Library/Frameworks/QuartzCore.framework/Versions/A/QuartzCore
0x000000000c66c000 	/System/Library/Frameworks/Carbon.framework/Versions/A/Frameworks/SpeechRecognition.framework/Versions/A/SpeechRecognition
0x000000000c66c000 	/usr/lib/libauto.dylib
0x000000000c66c000 	/usr/lib/libicucore.A.dylib
0x000000000c66c000 	/usr/lib/libxml2.2.dylib
0x000000000c66c000 	/System/Library/PrivateFrameworks/CoreUI.framework/Versions/A/CoreUI
0x000000000c66c000 	/System/Library/Frameworks/CoreAudio.framework/Versions/A/CoreAudio
0x000000000c66c000 	/System/Library/Frameworks/DiskArbitration.framework/Versions/A/DiskArbitration
0x000000000c66c000 	/usr/lib/liblangid.dylib
0x000000000c66c000 	/System/Library/PrivateFrameworks/MultitouchSupport.framework/Versions/A/MultitouchSupport
0x000000000c66c000 	/System/Library/Frameworks/IOKit.framework/Versions/A/IOKit
0x000000000c66c000 	/usr/lib/libDiagnosticMessagesClient.dylib
0x000000000c66c000 	/System/Library/Frameworks/CoreServices.framework/Versions/A/CoreServices
0x000000000c66c000 	/System/Library/PrivateFrameworks/PerformanceAnalysis.framework/Versions/A/PerformanceAnalysis
0x000000000c66c000 	/System/Library/PrivateFrameworks/GenerationalStorage.framework/Versions/A/GenerationalStorage
0x000000000c66c000 	/System/Library/Frameworks/OpenGL.framework/Versions/A/OpenGL
0x000000000c66c000 	/System/Library/PrivateFrameworks/Sharing.framework/Versions/A/Sharing
0x000000000c66c000 	/System/Library/Frameworks/CoreGraphics.framework/Versions/A/CoreGraphics
0x000000000c66c000 	/System/Library/Frameworks/CoreText.framework/Versions/A/CoreText
0x000000000c66c000 	/System/Library/Frameworks/ImageIO.framework/Versions/A/ImageIO
0x000000000c66c000 	/usr/lib/libextension.dylib
0x000000000c66c000 	/System/Library/PrivateFrameworks/Backup.framework/Versions/A/Backup
0x000000000c66c000 	/usr/lib/libarchive.2.dylib
0x000000000c66c000 	/System/Library/Frameworks/CFNetwork.framework/Versions/A/CFNetwork
0x000000000c66c000 	/System/Library/Frameworks/SystemConfiguration.framework/Versions/A/SystemConfiguration
0x000000000c66c000 	/usr/lib/libCRFSuite.dylib
0x000000000c66c000 	/usr/lib/libc++.1.dylib
0x000000000c66c000 	/usr/lib/libc++abi.dylib
0x000000000c66c000 	/usr/lib/system/libcache.dylib
0x000000000c66c000 	/usr/lib/system/libcommonCrypto.dylib
0x000000000c66c000 	/usr/lib/system/libcompiler_rt.dylib
0x000000000c66c000 	/usr/lib/system/libcopyfile.dylib
0x000000000c66c000 	/usr/lib/system/libcorecrypto.dylib
0x000000000c66c000 	/usr/lib/system/libdispatch.dylib
0x000000000c66c000 	/usr/lib/system/libdyld.dylib
0x000000000c66c000 	/usr/lib/system/libkeymgr.dylib
0x000000000c66c000 	/usr/lib/system/liblaunch.dylib
0x000000000c66c000 	/usr/lib/system/libmacho.dylib
0x000000000c66c000 	/usr/lib/system/libquarantine.dylib
0x000000000c66c000 	/usr/lib/system/libremovefile.dylib
0x000000000c66c000 	/usr/lib/system/libsystem_asl.dylib
0x000000000c66c000 	/usr/lib/system/libsystem_blocks.dylib
0x000000000c66c000 	/usr/lib/system/libsystem_c.dylib
0x000000000c66c000 	/usr/lib/system/libsystem_configuration.dylib
0x000000000c66c000 	/usr/lib/system/libsystem_coreservices.dylib
0x000000000c66c000 	/usr/lib/system/libsystem_coretls.dylib
0x000000000c66c000 	/usr/lib/system/libsystem_dnssd.dylib
0x000000000c66c000 	/usr/lib/system/libsystem_info.dylib
0x000000000c66c000 	/usr/lib/system/libsystem_kernel.dylib
0x000000000c66c000 	/usr/lib/system/libsystem_m.dylib
0x000000000c66c000 	/usr/lib/system/libsystem_malloc.dylib
0x000000000c66c000 	/usr/lib/system/libsystem_network.dylib
0x000000000c66c000 	/usr/lib/system/libsystem_networkextension.dylib
0x000000000c66c000 	/usr/lib/system/libsystem_notify.dylib
0x000000000c66c000 	/usr/lib/system/libsystem_platform.dylib
0x000000000c66c000 	/usr/lib/system/libsystem_pthread.dylib
0x000000000c66c000 	/usr/lib/system/libsystem_sandbox.dylib
0x000000000c66c000 	/usr/lib/system/libsystem_secinit.dylib
0x000000000c66c000 	/usr/lib/system/libsystem_stats.dylib
0x000000000c66c000 	/usr/lib/system/libsystem_trace.dylib
0x000000000c66c000 	/usr/lib/system/libunc.dylib
0x000000000c66c000 	/usr/lib/system/libunwind.dylib
0x000000000c66c000 	/usr/lib/system/libxpc.dylib
0x000000000c66c000 	/usr/lib/libbz2.1.0.dylib
0x000000000c66c000 	/usr/lib/liblzma.5.dylib
0x000000000c66c000 	/usr/lib/libbsm.0.dylib
0x000000000c66c000 	/usr/lib/libsqlite3.dylib
0x000000000c66c000 	/usr/lib/system/libkxld.dylib
0x000000000c66c000 	/usr/lib/libxar.1.dylib
0x000000000c66c000 	/usr/lib/libpam.2.dylib
0x000000000c66c000 	/usr/lib/libOpenScriptingUtil.dylib
0x000000000c66c000 	/System/Library/Frameworks/CoreServices.framework/Versions/A/Frameworks/FSEvents.framework/Versions/A/FSEvents
0x000000000c66c000 	/System/Library/Frameworks/CoreServices.framework/Versions/A/Frameworks/CarbonCore.framework/Versions/A/CarbonCore
0x000000000c66c000 	/System/Library/Frameworks/CoreServices.framework/Versions/A/Frameworks/Metadata.framework/Versions/A/Metadata
0x000000000c66c000 	/System/Library/Frameworks/CoreServices.framework/Versions/A/Frameworks/OSServices.framework/Versions/A/OSServices
0x000000000c66c000 	/System/Library/Frameworks/CoreServices.framework/Versions/A/Frameworks/SearchKit.framework/Versions/A/SearchKit
0x000000000c66c000 	/System/Library/Frameworks/CoreServices.framework/Versions/A/Frameworks/AE.framework/Versions/A/AE
0x000000000c66c000 	/System/Library/Frameworks/CoreServices.framework/Versions/A/Frameworks/LaunchServices.framework/Versions/A/LaunchServices
0x000000000c66c000 	/System/Library/Frameworks/CoreServices.framework/Versions/A/Frameworks/DictionaryServices.framework/Versions/A/DictionaryServices
0x000000000c66c000 	/System/Library/Frameworks/NetFS.framework/Versions/A/NetFS
0x000000000c66c000 	/System/Library/PrivateFrameworks/NetAuth.framework/Versions/A/NetAuth
0x000000000c66c000 	/System/Library/PrivateFrameworks/login.framework/Versions/A/Frameworks/loginsupport.framework/Versions/A/loginsupport
0x000000000c66c000 	/System/Library/PrivateFrameworks/TCC.framework/Versions/A/TCC
0x000000000c66c000 	/usr/lib/libmecabra.dylib
0x000000000c66c000 	/System/Library/PrivateFrameworks/LanguageModeling.framework/Versions/A/LanguageModeling
0x000000000c66c000 	/usr/lib/libcmph.dylib
0x000000000c66c000 	/usr/lib/libiconv.2.dylib
0x000000000c66c000 	/System/Library/Frameworks/OpenDirectory.framework/Versions/A/Frameworks/CFOpenDirectory.framework/Versions/A/CFOpenDirectory
0x000000000c66c000 	/System/Library/Frameworks/ServiceManagement.framework/Versions/A/ServiceManagement
0x000000000c66c000 	/usr/lib/libxslt.1.dylib
0x000000000c66c000 	/System/Library/Frameworks/Carbon.framework/Versions/A/Frameworks/Ink.framework/Versions/A/Ink
0x000000000c66c000 	/System/Library/Frameworks/ApplicationServices.framework/Versions/A/Frameworks/ATS.framework/Versions/A/ATS
0x000000000c66c000 	/System/Library/Frameworks/ApplicationServices.framework/Versions/A/Frameworks/ColorSync.framework/Versions/A/ColorSync
0x000000000c66c000 	/System/Library/Frameworks/ApplicationServices.framework/Versions/A/Frameworks/HIServices.framework/Versions/A/HIServices
0x000000000c66c000 	/System/Library/Frameworks/ApplicationServices.framework/Versions/A/Frameworks/LangAnalysis.framework/Versions/A/LangAnalysis
0x000000000c66c000 	/System/Library/Frameworks/ApplicationServices.framework/Versions/A/Frameworks/PrintCore.framework/Versions/A/PrintCore
0x000000000c66c000 	/System/Library/Frameworks/ApplicationServices.framework/Versions/A/Frameworks/QD.framework/Versions/A/QD
0x000000000c66c000 	/System/Library/Frameworks/ApplicationServices.framework/Versions/A/Frameworks/SpeechSynthesis.framework/Versions/A/SpeechSynthesis
0x000000000c66c000 	/System/Library/Frameworks/Accelerate.framework/Versions/A/Accelerate
0x000000000c66c000 	/System/Library/Frameworks/Accelerate.framework/Versions/A/Frameworks/vImage.framework/Versions/A/vImage
0x000000000c66c000 	/System/Library/Frameworks/Accelerate.framework/Versions/A/Frameworks/vecLib.framework/Versions/A/vecLib
0x000000000c66c000 	/System/Library/Frameworks/Accelerate.framework/Versions/A/Frameworks/vecLib.framework/Versions/A/libvDSP.dylib
0x000000000c66c000 	/System/Library/Frameworks/Accelerate.framework/Versions/A/Frameworks/vecLib.framework/Versions/A/libvMisc.dylib
0x000000000c66c000 	/System/Library/Frameworks/Accelerate.framework/Versions/A/Frameworks/vecLib.framework/Versions/A/libLAPACK.dylib
0x000000000c66c000 	/System/Library/Frameworks/Accelerate.framework/Versions/A/Frameworks/vecLib.framework/Versions/A/libBLAS.dylib
0x000000000c66c000 	/System/Library/Frameworks/Accelerate.framework/Versions/A/Frameworks/vecLib.framework/Versions/A/libLinearAlgebra.dylib
0x000000000c66c000 	/System/Library/Frameworks/ApplicationServices.framework/Versions/A/Frameworks/ATS.framework/Versions/A/Resources/libFontParser.dylib
0x000000000c66c000 	/System/Library/Frameworks/ApplicationServices.framework/Versions/A/Frameworks/ATS.framework/Versions/A/Resources/libFontRegistry.dylib
0x000000000c66c000 	/System/Library/PrivateFrameworks/AppleVPA.framework/Versions/A/AppleVPA
0x000000000c66c000 	/System/Library/PrivateFrameworks/AppleJPEG.framework/Versions/A/AppleJPEG
0x000000000c66c000 	/System/Library/Frameworks/ImageIO.framework/Versions/A/Resources/libJPEG.dylib
0x000000000c66c000 	/System/Library/Frameworks/ImageIO.framework/Versions/A/Resources/libTIFF.dylib
0x000000000c66c000 	/System/Library/Frameworks/ImageIO.framework/Versions/A/Resources/libPng.dylib
0x000000000c66c000 	/System/Library/Frameworks/ImageIO.framework/Versions/A/Resources/libGIF.dylib
0x000000000c66c000 	/System/Library/Frameworks/ImageIO.framework/Versions/A/Resources/libJP2.dylib
0x000000000c66c000 	/System/Library/Frameworks/ImageIO.framework/Versions/A/Resources/libRadiance.dylib
0x000000000c66c000 	/System/Library/Frameworks/CoreVideo.framework/Versions/A/CoreVideo
0x000000000c66c000 	/System/Library/Frameworks/OpenGL.framework/Versions/A/Libraries/libGLU.dylib
0x000000000c66c000 	/System/Library/Frameworks/OpenGL.framework/Versions/A/Libraries/libGFXShared.dylib
0x000000000c66c000 	/System/Library/Frameworks/OpenGL.framework/Versions/A/Libraries/libGL.dylib
0x000000000c66c000 	/System/Library/Frameworks/OpenGL.framework/Versions/A/Libraries/libGLImage.dylib
0x000000000c66c000 	/System/Library/Frameworks/OpenGL.framework/Versions/A/Libraries/libCVMSPluginSupport.dylib
0x000000000c66c000 	/System/Library/Frameworks/OpenGL.framework/Versions/A/Libraries/libCoreVMClient.dylib
0x000000000c66c000 	/usr/lib/libcups.2.dylib
0x000000000c66c000 	/System/Library/Frameworks/Kerberos.framework/Versions/A/Kerberos
0x000000000c66c000 	/System/Library/Frameworks/GSS.framework/Versions/A/GSS
0x000000000c66c000 	/usr/lib/libresolv.9.dylib
0x000000000c66c000 	/System/Library/PrivateFrameworks/Heimdal.framework/Versions/A/Heimdal
0x000000000c66c000 	/usr/lib/libheimdal-asn1.dylib
0x000000000c66c000 	/System/Library/Frameworks/OpenDirectory.framework/Versions/A/OpenDirectory
0x000000000c66c000 	/System/Library/PrivateFrameworks/CommonAuth.framework/Versions/A/CommonAuth
0x000000000c66c000 	/System/Library/Frameworks/SecurityFoundation.framework/Versions/A/SecurityFoundation
0x000000000c66c000 	/System/Library/Frameworks/QuartzCore.framework/Versions/A/Frameworks/CoreImage.framework/Versions/A/CoreImage
0x000000000c66c000 	/System/Library/PrivateFrameworks/CrashReporterSupport.framework/Versions/A/CrashReporterSupport
0x000000000c66c000 	/System/Library/Frameworks/OpenCL.framework/Versions/A/OpenCL
0x000000000c66c000 	/System/Library/PrivateFrameworks/FaceCore.framework/Versions/A/FaceCore
0x000000000c66c000 	/System/Library/PrivateFrameworks/Ubiquity.framework/Versions/A/Ubiquity
0x000000000c66c000 	/System/Library/PrivateFrameworks/IconServices.framework/Versions/A/IconServices
0x000000000c66c000 	/System/Library/PrivateFrameworks/ChunkingLibrary.framework/Versions/A/ChunkingLibrary
0x000000000c66c000 	/System/Library/PrivateFrameworks/Apple80211.framework/Versions/A/Apple80211
0x000000000c66c000 	/System/Library/Frameworks/CoreWLAN.framework/Versions/A/CoreWLAN
0x000000000c66c000 	/System/Library/Frameworks/IOBluetooth.framework/Versions/A/IOBluetooth
0x000000000c66c000 	/System/Library/PrivateFrameworks/CoreWiFi.framework/Versions/A/CoreWiFi
0x000000000c66c000 	/System/Library/Frameworks/CoreBluetooth.framework/Versions/A/CoreBluetooth
0x000000000c66c000 	/System/Library/PrivateFrameworks/DebugSymbols.framework/Versions/A/DebugSymbols
0x000000000c66c000 	/System/Library/PrivateFrameworks/CoreSymbolication.framework/Versions/A/CoreSymbolication
0x000000000c66c000 	/System/Library/PrivateFrameworks/Symbolication.framework/Versions/A/Symbolication
0x000000000c66c000 	/System/Library/PrivateFrameworks/SpeechRecognitionCore.framework/Versions/A/SpeechRecognitionCore
0x000000010d800000 	/Library/Java/JavaVirtualMachines/jdk1.8.0_20.jdk/Contents/Home/jre/lib/server/libjvm.dylib
0x000000000c66c000 	/usr/lib/libstdc++.6.dylib
0x000000010cf34000 	/Library/Java/JavaVirtualMachines/jdk1.8.0_20.jdk/Contents/Home/jre/lib/libverify.dylib
0x000000010cf42000 	/Library/Java/JavaVirtualMachines/jdk1.8.0_20.jdk/Contents/Home/jre/lib/libjava.dylib
0x000000010cf80000 	/Library/Java/JavaVirtualMachines/jdk1.8.0_20.jdk/Contents/Home/jre/lib/libzip.dylib
0x0000000124822000 	/System/Library/Frameworks/JavaVM.framework/Frameworks/JavaRuntimeSupport.framework/JavaRuntimeSupport
0x000000012483a000 	/System/Library/Frameworks/JavaVM.framework/Versions/A/Frameworks/JavaNativeFoundation.framework/Versions/A/JavaNativeFoundation
0x000000012484f000 	/System/Library/Frameworks/JavaVM.framework/Versions/A/JavaVM
0x000000000c66c000 	/System/Library/Frameworks/Carbon.framework/Versions/A/Carbon
0x000000012485c000 	/System/Library/PrivateFrameworks/JavaLaunching.framework/Versions/A/JavaLaunching
0x000000000c66c000 	/System/Library/Frameworks/Carbon.framework/Versions/A/Frameworks/CommonPanels.framework/Versions/A/CommonPanels
0x000000000c66c000 	/System/Library/Frameworks/Carbon.framework/Versions/A/Frameworks/Help.framework/Versions/A/Help
0x000000000c66c000 	/System/Library/Frameworks/Carbon.framework/Versions/A/Frameworks/ImageCapture.framework/Versions/A/ImageCapture
0x000000000c66c000 	/System/Library/Frameworks/Carbon.framework/Versions/A/Frameworks/OpenScripting.framework/Versions/A/OpenScripting
0x000000000c66c000 	/System/Library/Frameworks/Carbon.framework/Versions/A/Frameworks/Print.framework/Versions/A/Print
0x000000000c66c000 	/System/Library/Frameworks/Carbon.framework/Versions/A/Frameworks/SecurityHI.framework/Versions/A/SecurityHI
0x00000001266be000 	/Library/Java/JavaVirtualMachines/jdk1.8.0_20.jdk/Contents/Home/jre/lib/libnet.dylib
0x0000000126870000 	/Users/daemontus/Synced/Java Development/Parametrized CTL Model Checker/native/libgenerator.jnilib
0x00000001269a6000 	/usr/local/opt/gcc/lib/gcc/x86_64-apple-darwin14.0.0/4.9.2/libstdc++.6.dylib
0x0000000126b5d000 	/usr/local/Cellar/gcc/4.9.2/lib/gcc/x86_64-apple-darwin14.0.0/4.9.2/libgcc_s.1.dylib

VM Arguments:
java_command: runtime.starter.MulticoreStarter /Users/daemontus/Synced/Java Development/Parametrized CTL Model Checker/native 1 smpdev useLocalLoader EMPTY /Users/daemontus/Synced/Java Development/Parametrized CTL Model Checker/native/../out/artifacts/Parametrized_CTL_Model_Checker_jar/Parametrized CTL Model Checker.jar ( E( {X > 0.0} U ! E( {X > 0.0} U ! {X<4.9} ) ) && E( {X > 0.0} U ! E( {X > 0.0} U ! {X > 5.1} ) ) )
java_class_path (initial): /usr/local/lib/mpj-0.43/lib/smpdev.jar:/usr/local/lib/mpj-0.43/lib/xdev.jar:/usr/local/lib/mpj-0.43/lib/mpjbuf.jar:/usr/local/lib/mpj-0.43/lib/loader2.jar:/usr/local/lib/mpj-0.43/lib/starter.jar:/usr/local/lib/mpj-0.43/lib/mpiExp.jar
Launcher Type: SUN_STANDARD

Environment Variables:
PATH=/usr/local/lib/mpj-0.43/bin:/sw/bin:/sw/sbin:/Applications/Android Studio.app/sdk/platform-tools:/Users/daemontus/NextBigThing:/opt/local/bin:/opt/local/sbin:/Library/Frameworks/Python.framework/Versions/2.7/bin:/usr/local/bin:/usr/bin:/bin:/usr/sbin:/sbin:/opt/X11/bin:/usr/texbin:/Applications/ImageMagick-6.8.5/bin
SHELL=/bin/bash
DISPLAY=/private/tmp/com.apple.launchd.6p3irwLK83/org.macosforge.xquartz:0

Signal Handlers:
SIGSEGV: [libjvm.dylib+0x578fd7], sa_mask[0]=11111111011111110111111111111111, sa_flags=SA_ONSTACK|SA_RESTART|SA_SIGINFO
SIGBUS: [libjvm.dylib+0x578fd7], sa_mask[0]=11111111011111110111111111111111, sa_flags=SA_RESTART|SA_SIGINFO
SIGFPE: [libjvm.dylib+0x45ab0c], sa_mask[0]=11111111011111110111111111111111, sa_flags=SA_RESTART|SA_SIGINFO
SIGPIPE: [libjvm.dylib+0x45ab0c], sa_mask[0]=11111111011111110111111111111111, sa_flags=SA_RESTART|SA_SIGINFO
SIGXFSZ: [libjvm.dylib+0x45ab0c], sa_mask[0]=11111111011111110111111111111111, sa_flags=SA_RESTART|SA_SIGINFO
SIGILL: [libjvm.dylib+0x45ab0c], sa_mask[0]=11111111011111110111111111111111, sa_flags=SA_RESTART|SA_SIGINFO
SIGUSR1: SIG_DFL, sa_mask[0]=11011111011111100000000111000110, sa_flags=none
SIGUSR2: [libjvm.dylib+0x45a62a], sa_mask[0]=00100000000000000000000000000000, sa_flags=SA_RESTART|SA_SIGINFO
SIGHUP: [libjvm.dylib+0x458bfd], sa_mask[0]=11111111011111110111111111111111, sa_flags=SA_RESTART|SA_SIGINFO
SIGINT: [libjvm.dylib+0x458bfd], sa_mask[0]=11111111011111110111111111111111, sa_flags=SA_RESTART|SA_SIGINFO
SIGTERM: [libjvm.dylib+0x458bfd], sa_mask[0]=11111111011111110111111111111111, sa_flags=SA_RESTART|SA_SIGINFO
SIGQUIT: [libjvm.dylib+0x458bfd], sa_mask[0]=11111111011111110111111111111111, sa_flags=SA_RESTART|SA_SIGINFO


---------------  S Y S T E M  ---------------

OS:Bsduname:Darwin 14.0.0 Darwin Kernel Version 14.0.0: Fri Sep 19 00:26:44 PDT 2014; root:xnu-2782.1.97~2/RELEASE_X86_64 x86_64
rlimit: STACK 8192k, CORE 0k, NPROC 709, NOFILE 10240, AS infinity
load average:1.60 1.78 1.77

CPU:total 4 (2 cores per cpu, 2 threads per core) family 6 model 58 stepping 9, cmov, cx8, fxsr, mmx, sse, sse2, sse3, ssse3, sse4.1, sse4.2, popcnt, avx, aes, clmul, erms, ht, tsc, tscinvbit, tscinv

Memory: 4k page, physical 8388608k(1257900k free)

/proc/meminfo:


vm_info: Java HotSpot(TM) 64-Bit Server VM (25.20-b23) for bsd-amd64 JRE (1.8.0_20-b26), built on Jul 30 2014 13:37:47 by "java_re" with gcc 4.2.1 (Based on Apple Inc. build 5658) (LLVM build 2336.9.00)

time: Wed Dec  3 12:46:11 2014
elapsed time: 0 seconds (0d 0h 0m 0s)

