#
# A fatal error has been detected by the Java Runtime Environment:
#
#  SIGSEGV (0xb) at pc=0x000000010a5638de, pid=6451, tid=19203
#
# JRE version: Java(TM) SE Runtime Environment (8.0_20-b26) (build 1.8.0_20-b26)
# Java VM: Java HotSpot(TM) 64-Bit Server VM (25.20-b23 mixed mode bsd-amd64 compressed oops)
# Problematic frame:
# V  [libjvm.dylib+0x1638de]  ThreadStateTransition::trans_from_native(JavaThreadState)+0xa
#
# Failed to write core dump. Core dumps have been disabled. To enable core dumping, try "ulimit -c unlimited" before starting Java again
#
# If you would like to submit a bug report, please visit:
#   http://bugreport.sun.com/bugreport/crash.jsp
# The crash happened outside the Java Virtual Machine in native code.
# See problematic frame for where to report the bug.
#

---------------  T H R E A D  ---------------

Current thread (0x00007fba8107e000):  JavaThread "0" [_thread_in_native, id=19203, stack(0x000000012323e000,0x000000012333e000)]

siginfo: si_signo: 11 (SIGSEGV), si_code: 1 (SEGV_MAPERR), si_addr: 0x0000000000000260

Registers:
RAX=0x0000000000000000, RBX=0x0000000000000000, RCX=0x000000012333c810, RDX=0x00007fba80627d40
RSP=0x000000012333c710, RBP=0x000000012333c720, RSI=0x0000000000000006, RDI=0x000000012333c7b0
R8 =0x0000000000000001, R9 =0x00000000fffc0000, R10=0x000000010b330668, R11=0x000000010a8b2c6b
R12=0x00007fba80a0c1e8, R13=0x0000000000000000, R14=0x00007fba80627d40, R15=0x000000012333cb98
RIP=0x000000010a5638de, EFLAGS=0x0000000000010246, ERR=0x0000000000000006
  TRAPNO=0x000000000000000e

Top of Stack: (sp=0x000000012333c710)
0x000000012333c710:   000000012333c810 00007fba80627d40
0x000000012333c720:   000000012333c7e0 000000010a6fb26c
0x000000012333c730:   0000000000000002 000000010995d400
0x000000012333c740:   000000012333c830 00007fff99eaa289
0x000000012333c750:   0000000000001001 000000010995d400
0x000000012333c760:   000000012333cb40 0000000000000002
0x000000012333c770:   000000010995ca00 0000000109959000
0x000000012333c780:   0000000000000001 000000012333c7f8
0x000000012333c790:   ff80000000001001 0000000000000a00
0x000000012333c7a0:   00000007c000f280 0000000000000000
0x000000012333c7b0:   0000000000000000 000000011fad7e28
0x000000012333c7c0:   0000000000000000 000000011fad7e20
0x000000012333c7d0:   000000012333cbb8 00007fba8107e000
0x000000012333c7e0:   000000012333c8e0 00000001233a1bab
0x000000012333c7f0:   ff80000000001001 00007fba80627d40
0x000000012333c800:   000000012333cb98 00007fba80a0c1e8
0x000000012333c810:   0000003000000018 000000012333c8f0
0x000000012333c820:   000000012333c830 000000000000001a
0x000000012333c830:   000000012333c860 00007fff99ea9877
0x000000012333c840:   0000000109989000 000000012333cb98
0x000000012333c850:   0000000000000001 00000000fffc0000
0x000000012333c860:   000000012333c880 00007fff99ea8395
0x000000012333c870:   3ffffffffffffff9 000000012333c9e0
0x000000012333c880:   000000012333c8a0 00000001233c6268
0x000000012333c890:   3ffffffffffffff9 000000012333c9e0
0x000000012333c8a0:   000000012333c8c0 00000001233ba1a0
0x000000012333c8b0:   00007fba80420510 00007fba8061b1b0
0x000000012333c8c0:   000000012333cb98 000000012333c9d0
0x000000012333c8d0:   000000012333c900 00000001233a2c13
0x000000012333c8e0:   000000012333c900 00000001233a2cd2
0x000000012333c8f0:   000000012333cb98 000000012333c9d0
0x000000012333c900:   000000012333caf0 00000001233a14b0 

Instructions: (pc=0x000000010a5638de)
0x000000010a5638be:   0e 48 8b 0b 49 8b 56 18 48 63 c0 48 89 0c c2 5b
0x000000010a5638ce:   41 5e 5d c3 90 90 55 48 89 e5 41 56 53 48 8b 1f
0x000000010a5638de:   c7 83 60 02 00 00 05 00 00 00 48 8d 05 e9 7f 73
0x000000010a5638ee:   00 8b 00 83 f8 01 41 89 f6 7f 0c 48 8d 0d 06 fc 

Register to memory mapping:

RAX=0x0000000000000000 is an unknown value
RBX=0x0000000000000000 is an unknown value
RCX=0x000000012333c810 is pointing into the stack for thread: 0x00007fba8107e000
RDX=0x00007fba80627d40 is an unknown value
RSP=0x000000012333c710 is pointing into the stack for thread: 0x00007fba8107e000
RBP=0x000000012333c720 is pointing into the stack for thread: 0x00007fba8107e000
RSI=0x0000000000000006 is an unknown value
RDI=0x000000012333c7b0 is pointing into the stack for thread: 0x00007fba8107e000
R8 =0x0000000000000001 is an unknown value
R9 =0x00000000fffc0000 is an unknown value
R10=0x000000010b330668 is at code_begin+808 in an Interpreter codelet
method entry point (kind = native)  [0x000000010b330340, 0x000000010b330c40]  2304 bytes
R11=0x000000010a8b2c6b: throw_unsatisfied_link_error+0 in /Library/Java/JavaVirtualMachines/jdk1.8.0_20.jdk/Contents/Home/jre/lib/server/libjvm.dylib at 0x000000010a400000
R12=0x00007fba80a0c1e8 is an unknown value
R13=0x0000000000000000 is an unknown value
R14=0x00007fba80627d40 is an unknown value
R15=0x000000012333cb98 is pointing into the stack for thread: 0x00007fba8107e000


Stack: [0x000000012323e000,0x000000012333e000],  sp=0x000000012333c710,  free space=1017k
Native frames: (J=compiled Java code, j=interpreted, Vv=VM code, C=native code)
V  [libjvm.dylib+0x1638de]  ThreadStateTransition::trans_from_native(JavaThreadState)+0xa
V  [libjvm.dylib+0x2fb26c]  jni_CallIntMethodV+0x3d
C  [libgenerator.jnilib+0x11bab]  JNIEnv_::CallIntMethod(_jobject*, _jmethodID*, ...)+0xb5
C  [libgenerator.jnilib+0x12cd2]  JVM::ListClass::Instance::size()+0x3a
C  [libgenerator.jnilib+0x114b0]  Java_cz_muni_fi_distributed_graph_NodeFactory_getNativeInit+0x20e
j  cz.muni.fi.distributed.graph.NodeFactory.getNativeInit(Ljava/lang/String;IFLjava/util/List;Ljava/util/Map;)Ljava/util/Map;+0
j  cz.muni.fi.distributed.graph.NodeFactory.getAllValidNodes(Lcz/muni/fi/ctl/formula/Formula;)Ljava/util/Map;+63
j  cz.muni.fi.DistributedModelChecker.check(Lcz/muni/fi/ctl/formula/Formula;)V+15
j  cz.muni.fi.DistributedModelChecker.check(Lcz/muni/fi/ctl/formula/Formula;)V+143
j  cz.muni.fi.DistributedModelChecker.check(Lcz/muni/fi/ctl/formula/Formula;)V+143
j  cz.muni.fi.DistributedModelChecker.check(Lcz/muni/fi/ctl/formula/Formula;)V+143
j  cz.muni.fi.DistributedModelChecker.check(Lcz/muni/fi/ctl/formula/Formula;)V+143
j  cz.muni.fi.DistributedModelChecker.check(Lcz/muni/fi/ctl/formula/Formula;)V+143
j  cz.muni.fi.MPIDemo.main([Ljava/lang/String;)V+87
v  ~StubRoutines::call_stub
V  [libjvm.dylib+0x2d429e]  JavaCalls::call_helper(JavaValue*, methodHandle*, JavaCallArguments*, Thread*)+0x6ae
V  [libjvm.dylib+0x4a2b90]  Reflection::invoke(instanceKlassHandle, methodHandle, Handle, bool, objArrayHandle, BasicType, objArrayHandle, bool, Thread*)+0xdf8
V  [libjvm.dylib+0x4a30a8]  Reflection::invoke_method(oopDesc*, Handle, objArrayHandle, Thread*)+0x16c
V  [libjvm.dylib+0x322984]  JVM_InvokeMethod+0x166
j  sun.reflect.NativeMethodAccessorImpl.invoke0(Ljava/lang/reflect/Method;Ljava/lang/Object;[Ljava/lang/Object;)Ljava/lang/Object;+0
j  sun.reflect.NativeMethodAccessorImpl.invoke(Ljava/lang/Object;[Ljava/lang/Object;)Ljava/lang/Object;+100
j  sun.reflect.DelegatingMethodAccessorImpl.invoke(Ljava/lang/Object;[Ljava/lang/Object;)Ljava/lang/Object;+6
j  java.lang.reflect.Method.invoke(Ljava/lang/Object;[Ljava/lang/Object;)Ljava/lang/Object;+56
j  runtime.starter.MulticoreStarter$1.run()V+954
j  java.lang.Thread.run()V+11
v  ~StubRoutines::call_stub
V  [libjvm.dylib+0x2d429e]  JavaCalls::call_helper(JavaValue*, methodHandle*, JavaCallArguments*, Thread*)+0x6ae
V  [libjvm.dylib+0x2d4a2c]  JavaCalls::call_virtual(JavaValue*, KlassHandle, Symbol*, Symbol*, JavaCallArguments*, Thread*)+0x164
V  [libjvm.dylib+0x2d4bd8]  JavaCalls::call_virtual(JavaValue*, Handle, KlassHandle, Symbol*, Symbol*, Thread*)+0x4a
V  [libjvm.dylib+0x32562b]  thread_entry(JavaThread*, Thread*)+0x7c
V  [libjvm.dylib+0x535a51]  JavaThread::thread_main_inner()+0x9b
V  [libjvm.dylib+0x537194]  JavaThread::run()+0x1c2
V  [libjvm.dylib+0x45d35a]  java_start(Thread*)+0xf6
C  [libsystem_pthread.dylib+0x32fc]  _pthread_body+0x83
C  [libsystem_pthread.dylib+0x3279]  _pthread_body+0x0
C  [libsystem_pthread.dylib+0x14b1]  thread_start+0xd
C  0x0000000000000000

Java frames: (J=compiled Java code, j=interpreted, Vv=VM code)
j  cz.muni.fi.distributed.graph.NodeFactory.getNativeInit(Ljava/lang/String;IFLjava/util/List;Ljava/util/Map;)Ljava/util/Map;+0
j  cz.muni.fi.distributed.graph.NodeFactory.getAllValidNodes(Lcz/muni/fi/ctl/formula/Formula;)Ljava/util/Map;+63
j  cz.muni.fi.DistributedModelChecker.check(Lcz/muni/fi/ctl/formula/Formula;)V+15
j  cz.muni.fi.DistributedModelChecker.check(Lcz/muni/fi/ctl/formula/Formula;)V+143
j  cz.muni.fi.DistributedModelChecker.check(Lcz/muni/fi/ctl/formula/Formula;)V+143
j  cz.muni.fi.DistributedModelChecker.check(Lcz/muni/fi/ctl/formula/Formula;)V+143
j  cz.muni.fi.DistributedModelChecker.check(Lcz/muni/fi/ctl/formula/Formula;)V+143
j  cz.muni.fi.DistributedModelChecker.check(Lcz/muni/fi/ctl/formula/Formula;)V+143
j  cz.muni.fi.MPIDemo.main([Ljava/lang/String;)V+87
v  ~StubRoutines::call_stub
j  sun.reflect.NativeMethodAccessorImpl.invoke0(Ljava/lang/reflect/Method;Ljava/lang/Object;[Ljava/lang/Object;)Ljava/lang/Object;+0
j  sun.reflect.NativeMethodAccessorImpl.invoke(Ljava/lang/Object;[Ljava/lang/Object;)Ljava/lang/Object;+100
j  sun.reflect.DelegatingMethodAccessorImpl.invoke(Ljava/lang/Object;[Ljava/lang/Object;)Ljava/lang/Object;+6
j  java.lang.reflect.Method.invoke(Ljava/lang/Object;[Ljava/lang/Object;)Ljava/lang/Object;+56
j  runtime.starter.MulticoreStarter$1.run()V+954
j  java.lang.Thread.run()V+11
v  ~StubRoutines::call_stub

---------------  P R O C E S S  ---------------

Java Threads: ( => current thread )
=>0x00007fba8107e000 JavaThread "0" [_thread_in_native, id=19203, stack(0x000000012323e000,0x000000012333e000)]
  0x00007fba81805000 JavaThread "Service Thread" daemon [_thread_blocked, id=18179, stack(0x0000000122f91000,0x0000000123091000)]
  0x00007fba8200a800 JavaThread "C1 CompilerThread2" daemon [_thread_blocked, id=17667, stack(0x0000000122e8e000,0x0000000122f8e000)]
  0x00007fba81012800 JavaThread "C2 CompilerThread1" daemon [_thread_blocked, id=17155, stack(0x0000000122d8b000,0x0000000122e8b000)]
  0x00007fba80861000 JavaThread "C2 CompilerThread0" daemon [_thread_blocked, id=16643, stack(0x0000000122c88000,0x0000000122d88000)]
  0x00007fba81000800 JavaThread "Signal Dispatcher" daemon [_thread_blocked, id=12563, stack(0x0000000122b85000,0x0000000122c85000)]
  0x00007fba82009800 JavaThread "Finalizer" daemon [_thread_blocked, id=11523, stack(0x000000012123d000,0x000000012133d000)]
  0x00007fba80817000 JavaThread "Reference Handler" daemon [_thread_blocked, id=11011, stack(0x000000012113a000,0x000000012123a000)]
  0x00007fba8080b000 JavaThread "main" [_thread_blocked, id=3847, stack(0x0000000109a55000,0x0000000109b55000)]

Other Threads:
  0x00007fba82007000 VMThread [stack: 0x0000000121037000,0x0000000121137000] [id=10499]
  0x00007fba81806000 WatcherThread [stack: 0x0000000123094000,0x0000000123194000] [id=18691]

VM state:not at safepoint (normal execution)

VM Mutex/Monitor currently owned by a thread: None

Heap:
 PSYoungGen      total 38400K, used 22650K [0x0000000795580000, 0x0000000798000000, 0x00000007c0000000)
  eden space 33280K, 68% used [0x0000000795580000,0x0000000796b9e848,0x0000000797600000)
  from space 5120K, 0% used [0x0000000797b00000,0x0000000797b00000,0x0000000798000000)
  to   space 5120K, 0% used [0x0000000797600000,0x0000000797600000,0x0000000797b00000)
 ParOldGen       total 87552K, used 0K [0x0000000740000000, 0x0000000745580000, 0x0000000795580000)
  object space 87552K, 0% used [0x0000000740000000,0x0000000740000000,0x0000000745580000)
 Metaspace       used 5540K, capacity 6224K, committed 6400K, reserved 1056768K
  class space    used 655K, capacity 696K, committed 768K, reserved 1048576K

Card table byte_map: [0x000000011a6db000,0x000000011aadc000] byte_map_base: 0x0000000116cdb000

Marking Bits: (ParMarkBitMap*) 0x000000010ac9c330
 Begin Bits: [0x000000011b193000, 0x000000011d193000)
 End Bits:   [0x000000011d193000, 0x000000011f193000)

Polling page: 0x0000000109b99000

CodeCache: size=245760Kb used=2034Kb max_used=2034Kb free=243725Kb
 bounds [0x000000010b31b000, 0x000000010b58b000, 0x000000011a31b000]
 total_blobs=713 nmethods=409 adapters=219
 compilation: enabled

Compilation events (10 events):
Event: 0.459 Thread 0x00007fba8200a800 nmethod 399 0x000000010b511ed0 code [0x000000010b512420, 0x000000010b5159e8]
Event: 0.459 Thread 0x00007fba8200a800  402       3       com.google.common.collect.Range::compareOrThrow (8 bytes)
Event: 0.460 Thread 0x00007fba8200a800 nmethod 402 0x000000010b511210 code [0x000000010b511380, 0x000000010b511588]
Event: 0.460 Thread 0x00007fba8200a800  407       3       com.google.common.collect.Cut::compareTo (48 bytes)
Event: 0.461 Thread 0x00007fba8200a800 nmethod 407 0x000000010b510610 code [0x000000010b5107e0, 0x000000010b510fc8]
Event: 0.461 Thread 0x00007fba8200a800  408       1       java.lang.System::getSecurityManager (4 bytes)
Event: 0.461 Thread 0x00007fba8200a800 nmethod 408 0x000000010b510390 code [0x000000010b5104e0, 0x000000010b5105d0]
Event: 0.461 Thread 0x00007fba8200a800  403       3       java.lang.Double::compareTo (9 bytes)
Event: 0.461 Thread 0x00007fba8200a800 nmethod 403 0x000000010b50fd90 code [0x000000010b50ff20, 0x000000010b510268]
Event: 0.462 Thread 0x00007fba8200a800  404       3       java.lang.Double::compareTo (12 bytes)

GC Heap History (0 events):
No events

Deoptimization events (0 events):
No events

Internal exceptions (10 events):
Event: 0.437 Thread 0x00007fba810cc000 Exception <a 'java/security/PrivilegedActionException'> (0x00000007961e8380) thrown at [/HUDSON3/workspace/8-2-build-macosx-x86_64/jdk8u20/1074/hotspot/src/share/vm/prims/jvm.cpp, line 1275]
Event: 0.437 Thread 0x00007fba810cc000 Exception <a 'java/security/PrivilegedActionException'> (0x00000007961e9028) thrown at [/HUDSON3/workspace/8-2-build-macosx-x86_64/jdk8u20/1074/hotspot/src/share/vm/prims/jvm.cpp, line 1275]
Event: 0.438 Thread 0x00007fba810cc000 Exception <a 'java/security/PrivilegedActionException'> (0x00000007961ec7b8) thrown at [/HUDSON3/workspace/8-2-build-macosx-x86_64/jdk8u20/1074/hotspot/src/share/vm/prims/jvm.cpp, line 1275]
Event: 0.438 Thread 0x00007fba810cc000 Exception <a 'java/security/PrivilegedActionException'> (0x00000007961ed360) thrown at [/HUDSON3/workspace/8-2-build-macosx-x86_64/jdk8u20/1074/hotspot/src/share/vm/prims/jvm.cpp, line 1275]
Event: 0.438 Thread 0x00007fba810cf800 Exception <a 'java/security/PrivilegedActionException'> (0x00000007961449a0) thrown at [/HUDSON3/workspace/8-2-build-macosx-x86_64/jdk8u20/1074/hotspot/src/share/vm/prims/jvm.cpp, line 1275]
Event: 0.438 Thread 0x00007fba810cf800 Exception <a 'java/security/PrivilegedActionException'> (0x0000000796145c48) thrown at [/HUDSON3/workspace/8-2-build-macosx-x86_64/jdk8u20/1074/hotspot/src/share/vm/prims/jvm.cpp, line 1275]
Event: 0.441 Thread 0x00007fba80a0c000 Exception <a 'java/security/PrivilegedActionException'> (0x00000007962860f0) thrown at [/HUDSON3/workspace/8-2-build-macosx-x86_64/jdk8u20/1074/hotspot/src/share/vm/prims/jvm.cpp, line 1275]
Event: 0.441 Thread 0x00007fba80a0c000 Exception <a 'java/security/PrivilegedActionException'> (0x000000079628a028) thrown at [/HUDSON3/workspace/8-2-build-macosx-x86_64/jdk8u20/1074/hotspot/src/share/vm/prims/jvm.cpp, line 1275]
Event: 0.442 Thread 0x00007fba80a0c000 Exception <a 'java/security/PrivilegedActionException'> (0x000000079628d7e8) thrown at [/HUDSON3/workspace/8-2-build-macosx-x86_64/jdk8u20/1074/hotspot/src/share/vm/prims/jvm.cpp, line 1275]
Event: 0.443 Thread 0x00007fba80a0c000 Exception <a 'java/security/PrivilegedActionException'> (0x0000000796290a98) thrown at [/HUDSON3/workspace/8-2-build-macosx-x86_64/jdk8u20/1074/hotspot/src/share/vm/prims/jvm.cpp, line 1275]

Events (10 events):
Event: 0.455 Thread 0x00007fba821b1800 Thread exited: 0x00007fba821b1800
Event: 0.455 Thread 0x00007fba810cf800 Thread exited: 0x00007fba810cf800
Event: 0.455 Thread 0x00007fba80a0c000 Thread added: 0x00007fba80a0c000
Event: 0.455 Thread 0x00007fba81873000 Thread added: 0x00007fba81873000
Event: 0.455 Thread 0x00007fba810cf800 Thread added: 0x00007fba810cf800
Event: 0.460 Thread 0x00007fba810ea800 Thread added: 0x00007fba810ea800
Event: 0.461 Thread 0x00007fba810ea800 Thread exited: 0x00007fba810ea800
Event: 0.461 Thread 0x00007fba81873000 Thread exited: 0x00007fba81873000
Event: 0.461 Thread 0x00007fba810cf800 Thread exited: 0x00007fba810cf800
Event: 0.461 Thread 0x00007fba80a0c000 Thread exited: 0x00007fba80a0c000


Dynamic libraries:
0x000000000c66c000 	/System/Library/Frameworks/Cocoa.framework/Versions/A/Cocoa
0x000000000c66c000 	/System/Library/Frameworks/Security.framework/Versions/A/Security
0x000000000c66c000 	/System/Library/Frameworks/ApplicationServices.framework/Versions/A/ApplicationServices
0x000000000c66c000 	/usr/lib/libz.1.dylib
0x000000000c66c000 	/usr/lib/libSystem.B.dylib
0x000000000c66c000 	/usr/lib/libobjc.A.dylib
0x000000000c66c000 	/System/Library/Frameworks/CoreFoundation.framework/Versions/A/CoreFoundation
0x000000000c66c000 	/System/Library/Frameworks/Foundation.framework/Versions/C/Foundation
0x000000000c66c000 	/System/Library/Frameworks/AppKit.framework/Versions/C/AppKit
0x000000000c66c000 	/System/Library/Frameworks/CoreData.framework/Versions/A/CoreData
0x000000000c66c000 	/System/Library/PrivateFrameworks/RemoteViewServices.framework/Versions/A/RemoteViewServices
0x000000000c66c000 	/System/Library/PrivateFrameworks/UIFoundation.framework/Versions/A/UIFoundation
0x000000000c66c000 	/System/Library/Frameworks/IOSurface.framework/Versions/A/IOSurface
0x000000000c66c000 	/System/Library/Frameworks/AudioToolbox.framework/Versions/A/AudioToolbox
0x000000000c66c000 	/System/Library/Frameworks/AudioUnit.framework/Versions/A/AudioUnit
0x000000000c66c000 	/System/Library/PrivateFrameworks/DataDetectorsCore.framework/Versions/A/DataDetectorsCore
0x000000000c66c000 	/System/Library/PrivateFrameworks/DesktopServicesPriv.framework/Versions/A/DesktopServicesPriv
0x000000000c66c000 	/System/Library/Frameworks/Carbon.framework/Versions/A/Frameworks/HIToolbox.framework/Versions/A/HIToolbox
0x000000000c66c000 	/System/Library/Frameworks/QuartzCore.framework/Versions/A/QuartzCore
0x000000000c66c000 	/System/Library/Frameworks/Carbon.framework/Versions/A/Frameworks/SpeechRecognition.framework/Versions/A/SpeechRecognition
0x000000000c66c000 	/usr/lib/libauto.dylib
0x000000000c66c000 	/usr/lib/libicucore.A.dylib
0x000000000c66c000 	/usr/lib/libxml2.2.dylib
0x000000000c66c000 	/System/Library/PrivateFrameworks/CoreUI.framework/Versions/A/CoreUI
0x000000000c66c000 	/System/Library/Frameworks/CoreAudio.framework/Versions/A/CoreAudio
0x000000000c66c000 	/System/Library/Frameworks/DiskArbitration.framework/Versions/A/DiskArbitration
0x000000000c66c000 	/usr/lib/liblangid.dylib
0x000000000c66c000 	/System/Library/PrivateFrameworks/MultitouchSupport.framework/Versions/A/MultitouchSupport
0x000000000c66c000 	/System/Library/Frameworks/IOKit.framework/Versions/A/IOKit
0x000000000c66c000 	/usr/lib/libDiagnosticMessagesClient.dylib
0x000000000c66c000 	/System/Library/Frameworks/CoreServices.framework/Versions/A/CoreServices
0x000000000c66c000 	/System/Library/PrivateFrameworks/PerformanceAnalysis.framework/Versions/A/PerformanceAnalysis
0x000000000c66c000 	/System/Library/PrivateFrameworks/GenerationalStorage.framework/Versions/A/GenerationalStorage
0x000000000c66c000 	/System/Library/Frameworks/OpenGL.framework/Versions/A/OpenGL
0x000000000c66c000 	/System/Library/PrivateFrameworks/Sharing.framework/Versions/A/Sharing
0x000000000c66c000 	/System/Library/Frameworks/CoreGraphics.framework/Versions/A/CoreGraphics
0x000000000c66c000 	/System/Library/Frameworks/CoreText.framework/Versions/A/CoreText
0x000000000c66c000 	/System/Library/Frameworks/ImageIO.framework/Versions/A/ImageIO
0x000000000c66c000 	/usr/lib/libextension.dylib
0x000000000c66c000 	/System/Library/PrivateFrameworks/Backup.framework/Versions/A/Backup
0x000000000c66c000 	/usr/lib/libarchive.2.dylib
0x000000000c66c000 	/System/Library/Frameworks/CFNetwork.framework/Versions/A/CFNetwork
0x000000000c66c000 	/System/Library/Frameworks/SystemConfiguration.framework/Versions/A/SystemConfiguration
0x000000000c66c000 	/usr/lib/libCRFSuite.dylib
0x000000000c66c000 	/usr/lib/libc++.1.dylib
0x000000000c66c000 	/usr/lib/libc++abi.dylib
0x000000000c66c000 	/usr/lib/system/libcache.dylib
0x000000000c66c000 	/usr/lib/system/libcommonCrypto.dylib
0x000000000c66c000 	/usr/lib/system/libcompiler_rt.dylib
0x000000000c66c000 	/usr/lib/system/libcopyfile.dylib
0x000000000c66c000 	/usr/lib/system/libcorecrypto.dylib
0x000000000c66c000 	/usr/lib/system/libdispatch.dylib
0x000000000c66c000 	/usr/lib/system/libdyld.dylib
0x000000000c66c000 	/usr/lib/system/libkeymgr.dylib
0x000000000c66c000 	/usr/lib/system/liblaunch.dylib
0x000000000c66c000 	/usr/lib/system/libmacho.dylib
0x000000000c66c000 	/usr/lib/system/libquarantine.dylib
0x000000000c66c000 	/usr/lib/system/libremovefile.dylib
0x000000000c66c000 	/usr/lib/system/libsystem_asl.dylib
0x000000000c66c000 	/usr/lib/system/libsystem_blocks.dylib
0x000000000c66c000 	/usr/lib/system/libsystem_c.dylib
0x000000000c66c000 	/usr/lib/system/libsystem_configuration.dylib
0x000000000c66c000 	/usr/lib/system/libsystem_coreservices.dylib
0x000000000c66c000 	/usr/lib/system/libsystem_coretls.dylib
0x000000000c66c000 	/usr/lib/system/libsystem_dnssd.dylib
0x000000000c66c000 	/usr/lib/system/libsystem_info.dylib
0x000000000c66c000 	/usr/lib/system/libsystem_kernel.dylib
0x000000000c66c000 	/usr/lib/system/libsystem_m.dylib
0x000000000c66c000 	/usr/lib/system/libsystem_malloc.dylib
0x000000000c66c000 	/usr/lib/system/libsystem_network.dylib
0x000000000c66c000 	/usr/lib/system/libsystem_networkextension.dylib
0x000000000c66c000 	/usr/lib/system/libsystem_notify.dylib
0x000000000c66c000 	/usr/lib/system/libsystem_platform.dylib
0x000000000c66c000 	/usr/lib/system/libsystem_pthread.dylib
0x000000000c66c000 	/usr/lib/system/libsystem_sandbox.dylib
0x000000000c66c000 	/usr/lib/system/libsystem_secinit.dylib
0x000000000c66c000 	/usr/lib/system/libsystem_stats.dylib
0x000000000c66c000 	/usr/lib/system/libsystem_trace.dylib
0x000000000c66c000 	/usr/lib/system/libunc.dylib
0x000000000c66c000 	/usr/lib/system/libunwind.dylib
0x000000000c66c000 	/usr/lib/system/libxpc.dylib
0x000000000c66c000 	/usr/lib/libbz2.1.0.dylib
0x000000000c66c000 	/usr/lib/liblzma.5.dylib
0x000000000c66c000 	/usr/lib/libbsm.0.dylib
0x000000000c66c000 	/usr/lib/libsqlite3.dylib
0x000000000c66c000 	/usr/lib/system/libkxld.dylib
0x000000000c66c000 	/usr/lib/libxar.1.dylib
0x000000000c66c000 	/usr/lib/libpam.2.dylib
0x000000000c66c000 	/usr/lib/libOpenScriptingUtil.dylib
0x000000000c66c000 	/System/Library/Frameworks/CoreServices.framework/Versions/A/Frameworks/FSEvents.framework/Versions/A/FSEvents
0x000000000c66c000 	/System/Library/Frameworks/CoreServices.framework/Versions/A/Frameworks/CarbonCore.framework/Versions/A/CarbonCore
0x000000000c66c000 	/System/Library/Frameworks/CoreServices.framework/Versions/A/Frameworks/Metadata.framework/Versions/A/Metadata
0x000000000c66c000 	/System/Library/Frameworks/CoreServices.framework/Versions/A/Frameworks/OSServices.framework/Versions/A/OSServices
0x000000000c66c000 	/System/Library/Frameworks/CoreServices.framework/Versions/A/Frameworks/SearchKit.framework/Versions/A/SearchKit
0x000000000c66c000 	/System/Library/Frameworks/CoreServices.framework/Versions/A/Frameworks/AE.framework/Versions/A/AE
0x000000000c66c000 	/System/Library/Frameworks/CoreServices.framework/Versions/A/Frameworks/LaunchServices.framework/Versions/A/LaunchServices
0x000000000c66c000 	/System/Library/Frameworks/CoreServices.framework/Versions/A/Frameworks/DictionaryServices.framework/Versions/A/DictionaryServices
0x000000000c66c000 	/System/Library/Frameworks/NetFS.framework/Versions/A/NetFS
0x000000000c66c000 	/System/Library/PrivateFrameworks/NetAuth.framework/Versions/A/NetAuth
0x000000000c66c000 	/System/Library/PrivateFrameworks/login.framework/Versions/A/Frameworks/loginsupport.framework/Versions/A/loginsupport
0x000000000c66c000 	/System/Library/PrivateFrameworks/TCC.framework/Versions/A/TCC
0x000000000c66c000 	/usr/lib/libmecabra.dylib
0x000000000c66c000 	/System/Library/PrivateFrameworks/LanguageModeling.framework/Versions/A/LanguageModeling
0x000000000c66c000 	/usr/lib/libcmph.dylib
0x000000000c66c000 	/usr/lib/libiconv.2.dylib
0x000000000c66c000 	/System/Library/Frameworks/OpenDirectory.framework/Versions/A/Frameworks/CFOpenDirectory.framework/Versions/A/CFOpenDirectory
0x000000000c66c000 	/System/Library/Frameworks/ServiceManagement.framework/Versions/A/ServiceManagement
0x000000000c66c000 	/usr/lib/libxslt.1.dylib
0x000000000c66c000 	/System/Library/Frameworks/Carbon.framework/Versions/A/Frameworks/Ink.framework/Versions/A/Ink
0x000000000c66c000 	/System/Library/Frameworks/ApplicationServices.framework/Versions/A/Frameworks/ATS.framework/Versions/A/ATS
0x000000000c66c000 	/System/Library/Frameworks/ApplicationServices.framework/Versions/A/Frameworks/ColorSync.framework/Versions/A/ColorSync
0x000000000c66c000 	/System/Library/Frameworks/ApplicationServices.framework/Versions/A/Frameworks/HIServices.framework/Versions/A/HIServices
0x000000000c66c000 	/System/Library/Frameworks/ApplicationServices.framework/Versions/A/Frameworks/LangAnalysis.framework/Versions/A/LangAnalysis
0x000000000c66c000 	/System/Library/Frameworks/ApplicationServices.framework/Versions/A/Frameworks/PrintCore.framework/Versions/A/PrintCore
0x000000000c66c000 	/System/Library/Frameworks/ApplicationServices.framework/Versions/A/Frameworks/QD.framework/Versions/A/QD
0x000000000c66c000 	/System/Library/Frameworks/ApplicationServices.framework/Versions/A/Frameworks/SpeechSynthesis.framework/Versions/A/SpeechSynthesis
0x000000000c66c000 	/System/Library/Frameworks/Accelerate.framework/Versions/A/Accelerate
0x000000000c66c000 	/System/Library/Frameworks/Accelerate.framework/Versions/A/Frameworks/vImage.framework/Versions/A/vImage
0x000000000c66c000 	/System/Library/Frameworks/Accelerate.framework/Versions/A/Frameworks/vecLib.framework/Versions/A/vecLib
0x000000000c66c000 	/System/Library/Frameworks/Accelerate.framework/Versions/A/Frameworks/vecLib.framework/Versions/A/libvDSP.dylib
0x000000000c66c000 	/System/Library/Frameworks/Accelerate.framework/Versions/A/Frameworks/vecLib.framework/Versions/A/libvMisc.dylib
0x000000000c66c000 	/System/Library/Frameworks/Accelerate.framework/Versions/A/Frameworks/vecLib.framework/Versions/A/libLAPACK.dylib
0x000000000c66c000 	/System/Library/Frameworks/Accelerate.framework/Versions/A/Frameworks/vecLib.framework/Versions/A/libBLAS.dylib
0x000000000c66c000 	/System/Library/Frameworks/Accelerate.framework/Versions/A/Frameworks/vecLib.framework/Versions/A/libLinearAlgebra.dylib
0x000000000c66c000 	/System/Library/Frameworks/ApplicationServices.framework/Versions/A/Frameworks/ATS.framework/Versions/A/Resources/libFontParser.dylib
0x000000000c66c000 	/System/Library/Frameworks/ApplicationServices.framework/Versions/A/Frameworks/ATS.framework/Versions/A/Resources/libFontRegistry.dylib
0x000000000c66c000 	/System/Library/PrivateFrameworks/AppleVPA.framework/Versions/A/AppleVPA
0x000000000c66c000 	/System/Library/PrivateFrameworks/AppleJPEG.framework/Versions/A/AppleJPEG
0x000000000c66c000 	/System/Library/Frameworks/ImageIO.framework/Versions/A/Resources/libJPEG.dylib
0x000000000c66c000 	/System/Library/Frameworks/ImageIO.framework/Versions/A/Resources/libTIFF.dylib
0x000000000c66c000 	/System/Library/Frameworks/ImageIO.framework/Versions/A/Resources/libPng.dylib
0x000000000c66c000 	/System/Library/Frameworks/ImageIO.framework/Versions/A/Resources/libGIF.dylib
0x000000000c66c000 	/System/Library/Frameworks/ImageIO.framework/Versions/A/Resources/libJP2.dylib
0x000000000c66c000 	/System/Library/Frameworks/ImageIO.framework/Versions/A/Resources/libRadiance.dylib
0x000000000c66c000 	/System/Library/Frameworks/CoreVideo.framework/Versions/A/CoreVideo
0x000000000c66c000 	/System/Library/Frameworks/OpenGL.framework/Versions/A/Libraries/libGLU.dylib
0x000000000c66c000 	/System/Library/Frameworks/OpenGL.framework/Versions/A/Libraries/libGFXShared.dylib
0x000000000c66c000 	/System/Library/Frameworks/OpenGL.framework/Versions/A/Libraries/libGL.dylib
0x000000000c66c000 	/System/Library/Frameworks/OpenGL.framework/Versions/A/Libraries/libGLImage.dylib
0x000000000c66c000 	/System/Library/Frameworks/OpenGL.framework/Versions/A/Libraries/libCVMSPluginSupport.dylib
0x000000000c66c000 	/System/Library/Frameworks/OpenGL.framework/Versions/A/Libraries/libCoreVMClient.dylib
0x000000000c66c000 	/usr/lib/libcups.2.dylib
0x000000000c66c000 	/System/Library/Frameworks/Kerberos.framework/Versions/A/Kerberos
0x000000000c66c000 	/System/Library/Frameworks/GSS.framework/Versions/A/GSS
0x000000000c66c000 	/usr/lib/libresolv.9.dylib
0x000000000c66c000 	/System/Library/PrivateFrameworks/Heimdal.framework/Versions/A/Heimdal
0x000000000c66c000 	/usr/lib/libheimdal-asn1.dylib
0x000000000c66c000 	/System/Library/Frameworks/OpenDirectory.framework/Versions/A/OpenDirectory
0x000000000c66c000 	/System/Library/PrivateFrameworks/CommonAuth.framework/Versions/A/CommonAuth
0x000000000c66c000 	/System/Library/Frameworks/SecurityFoundation.framework/Versions/A/SecurityFoundation
0x000000000c66c000 	/System/Library/Frameworks/QuartzCore.framework/Versions/A/Frameworks/CoreImage.framework/Versions/A/CoreImage
0x000000000c66c000 	/System/Library/PrivateFrameworks/CrashReporterSupport.framework/Versions/A/CrashReporterSupport
0x000000000c66c000 	/System/Library/Frameworks/OpenCL.framework/Versions/A/OpenCL
0x000000000c66c000 	/System/Library/PrivateFrameworks/FaceCore.framework/Versions/A/FaceCore
0x000000000c66c000 	/System/Library/PrivateFrameworks/Ubiquity.framework/Versions/A/Ubiquity
0x000000000c66c000 	/System/Library/PrivateFrameworks/IconServices.framework/Versions/A/IconServices
0x000000000c66c000 	/System/Library/PrivateFrameworks/ChunkingLibrary.framework/Versions/A/ChunkingLibrary
0x000000000c66c000 	/System/Library/PrivateFrameworks/Apple80211.framework/Versions/A/Apple80211
0x000000000c66c000 	/System/Library/Frameworks/CoreWLAN.framework/Versions/A/CoreWLAN
0x000000000c66c000 	/System/Library/Frameworks/IOBluetooth.framework/Versions/A/IOBluetooth
0x000000000c66c000 	/System/Library/PrivateFrameworks/CoreWiFi.framework/Versions/A/CoreWiFi
0x000000000c66c000 	/System/Library/Frameworks/CoreBluetooth.framework/Versions/A/CoreBluetooth
0x000000000c66c000 	/System/Library/PrivateFrameworks/DebugSymbols.framework/Versions/A/DebugSymbols
0x000000000c66c000 	/System/Library/PrivateFrameworks/CoreSymbolication.framework/Versions/A/CoreSymbolication
0x000000000c66c000 	/System/Library/PrivateFrameworks/Symbolication.framework/Versions/A/Symbolication
0x000000000c66c000 	/System/Library/PrivateFrameworks/SpeechRecognitionCore.framework/Versions/A/SpeechRecognitionCore
0x000000010a400000 	/Library/Java/JavaVirtualMachines/jdk1.8.0_20.jdk/Contents/Home/jre/lib/server/libjvm.dylib
0x000000000c66c000 	/usr/lib/libstdc++.6.dylib
0x0000000109b57000 	/Library/Java/JavaVirtualMachines/jdk1.8.0_20.jdk/Contents/Home/jre/lib/libverify.dylib
0x0000000109b65000 	/Library/Java/JavaVirtualMachines/jdk1.8.0_20.jdk/Contents/Home/jre/lib/libjava.dylib
0x0000000109ba3000 	/Library/Java/JavaVirtualMachines/jdk1.8.0_20.jdk/Contents/Home/jre/lib/libzip.dylib
0x000000012133f000 	/System/Library/Frameworks/JavaVM.framework/Frameworks/JavaRuntimeSupport.framework/JavaRuntimeSupport
0x0000000121357000 	/System/Library/Frameworks/JavaVM.framework/Versions/A/Frameworks/JavaNativeFoundation.framework/Versions/A/JavaNativeFoundation
0x000000012136c000 	/System/Library/Frameworks/JavaVM.framework/Versions/A/JavaVM
0x000000000c66c000 	/System/Library/Frameworks/Carbon.framework/Versions/A/Carbon
0x0000000121379000 	/System/Library/PrivateFrameworks/JavaLaunching.framework/Versions/A/JavaLaunching
0x000000000c66c000 	/System/Library/Frameworks/Carbon.framework/Versions/A/Frameworks/CommonPanels.framework/Versions/A/CommonPanels
0x000000000c66c000 	/System/Library/Frameworks/Carbon.framework/Versions/A/Frameworks/Help.framework/Versions/A/Help
0x000000000c66c000 	/System/Library/Frameworks/Carbon.framework/Versions/A/Frameworks/ImageCapture.framework/Versions/A/ImageCapture
0x000000000c66c000 	/System/Library/Frameworks/Carbon.framework/Versions/A/Frameworks/OpenScripting.framework/Versions/A/OpenScripting
0x000000000c66c000 	/System/Library/Frameworks/Carbon.framework/Versions/A/Frameworks/Print.framework/Versions/A/Print
0x000000000c66c000 	/System/Library/Frameworks/Carbon.framework/Versions/A/Frameworks/SecurityHI.framework/Versions/A/SecurityHI
0x00000001231de000 	/Library/Java/JavaVirtualMachines/jdk1.8.0_20.jdk/Contents/Home/jre/lib/libnet.dylib
0x0000000123390000 	/Users/daemontus/Synced/Java Development/Parametrized CTL Model Checker/native/libgenerator.jnilib
0x00000001234c6000 	/usr/local/opt/gcc/lib/gcc/x86_64-apple-darwin14.0.0/4.9.2/libstdc++.6.dylib
0x000000012367d000 	/usr/local/Cellar/gcc/4.9.2/lib/gcc/x86_64-apple-darwin14.0.0/4.9.2/libgcc_s.1.dylib

VM Arguments:
java_command: runtime.starter.MulticoreStarter /Users/daemontus/Synced/Java Development/Parametrized CTL Model Checker/native 1 smpdev useLocalLoader EMPTY /Users/daemontus/Synced/Java Development/Parametrized CTL Model Checker/native/../out/artifacts/Parametrized_CTL_Model_Checker_jar/Parametrized CTL Model Checker.jar ( E( {X > 0.0} U ! E( {X > 0.0} U ! {X<4.9} ) ) && E( {X > 0.0} U ! E( {X > 0.0} U ! {X > 5.1} ) ) )
java_class_path (initial): /usr/local/lib/mpj-0.43/lib/smpdev.jar:/usr/local/lib/mpj-0.43/lib/xdev.jar:/usr/local/lib/mpj-0.43/lib/mpjbuf.jar:/usr/local/lib/mpj-0.43/lib/loader2.jar:/usr/local/lib/mpj-0.43/lib/starter.jar:/usr/local/lib/mpj-0.43/lib/mpiExp.jar
Launcher Type: SUN_STANDARD

Environment Variables:
PATH=/usr/local/lib/mpj-0.43/bin:/sw/bin:/sw/sbin:/Applications/Android Studio.app/sdk/platform-tools:/Users/daemontus/NextBigThing:/opt/local/bin:/opt/local/sbin:/Library/Frameworks/Python.framework/Versions/2.7/bin:/usr/local/bin:/usr/bin:/bin:/usr/sbin:/sbin:/opt/X11/bin:/usr/texbin:/Applications/ImageMagick-6.8.5/bin
SHELL=/bin/bash
DISPLAY=/private/tmp/com.apple.launchd.6p3irwLK83/org.macosforge.xquartz:0

Signal Handlers:
SIGSEGV: [libjvm.dylib+0x578fd7], sa_mask[0]=11111111011111110111111111111111, sa_flags=SA_ONSTACK|SA_RESTART|SA_SIGINFO
SIGBUS: [libjvm.dylib+0x578fd7], sa_mask[0]=11111111011111110111111111111111, sa_flags=SA_RESTART|SA_SIGINFO
SIGFPE: [libjvm.dylib+0x45ab0c], sa_mask[0]=11111111011111110111111111111111, sa_flags=SA_RESTART|SA_SIGINFO
SIGPIPE: [libjvm.dylib+0x45ab0c], sa_mask[0]=11111111011111110111111111111111, sa_flags=SA_RESTART|SA_SIGINFO
SIGXFSZ: [libjvm.dylib+0x45ab0c], sa_mask[0]=11111111011111110111111111111111, sa_flags=SA_RESTART|SA_SIGINFO
SIGILL: [libjvm.dylib+0x45ab0c], sa_mask[0]=11111111011111110111111111111111, sa_flags=SA_RESTART|SA_SIGINFO
SIGUSR1: SIG_DFL, sa_mask[0]=11011111011111100000000111000110, sa_flags=none
SIGUSR2: [libjvm.dylib+0x45a62a], sa_mask[0]=00100000000000000000000000000000, sa_flags=SA_RESTART|SA_SIGINFO
SIGHUP: [libjvm.dylib+0x458bfd], sa_mask[0]=11111111011111110111111111111111, sa_flags=SA_RESTART|SA_SIGINFO
SIGINT: [libjvm.dylib+0x458bfd], sa_mask[0]=11111111011111110111111111111111, sa_flags=SA_RESTART|SA_SIGINFO
SIGTERM: [libjvm.dylib+0x458bfd], sa_mask[0]=11111111011111110111111111111111, sa_flags=SA_RESTART|SA_SIGINFO
SIGQUIT: [libjvm.dylib+0x458bfd], sa_mask[0]=11111111011111110111111111111111, sa_flags=SA_RESTART|SA_SIGINFO


---------------  S Y S T E M  ---------------

OS:Bsduname:Darwin 14.0.0 Darwin Kernel Version 14.0.0: Fri Sep 19 00:26:44 PDT 2014; root:xnu-2782.1.97~2/RELEASE_X86_64 x86_64
rlimit: STACK 8192k, CORE 0k, NPROC 709, NOFILE 10240, AS infinity
load average:1.31 1.51 1.73

CPU:total 4 (2 cores per cpu, 2 threads per core) family 6 model 58 stepping 9, cmov, cx8, fxsr, mmx, sse, sse2, sse3, ssse3, sse4.1, sse4.2, popcnt, avx, aes, clmul, erms, ht, tsc, tscinvbit, tscinv

Memory: 4k page, physical 8388608k(1042724k free)

/proc/meminfo:


vm_info: Java HotSpot(TM) 64-Bit Server VM (25.20-b23) for bsd-amd64 JRE (1.8.0_20-b26), built on Jul 30 2014 13:37:47 by "java_re" with gcc 4.2.1 (Based on Apple Inc. build 5658) (LLVM build 2336.9.00)

time: Wed Dec  3 12:32:14 2014
elapsed time: 0 seconds (0d 0h 0m 0s)

