#
# A fatal error has been detected by the Java Runtime Environment:
#
#  SIGSEGV (0xb) at pc=0x000000010e300077, pid=1546, tid=20227
#
# JRE version: Java(TM) SE Runtime Environment (8.0_20-b26) (build 1.8.0_20-b26)
# Java VM: Java HotSpot(TM) 64-Bit Server VM (25.20-b23 mixed mode bsd-amd64 compressed oops)
# Problematic frame:
# V  [libjvm.dylib+0x300077]
#
# Failed to write core dump. Core dumps have been disabled. To enable core dumping, try "ulimit -c unlimited" before starting Java again
#
# If you would like to submit a bug report, please visit:
#   http://bugreport.sun.com/bugreport/crash.jsp
# The crash happened outside the Java Virtual Machine in native code.
# See problematic frame for where to report the bug.
#

---------------  T H R E A D  ---------------

Current thread (0x00007fe45224a000):  JavaThread "Thread-0" [_thread_in_native, id=20227, stack(0x0000000128051000,0x0000000128151000)]

siginfo: si_signo: 11 (SIGSEGV), si_code: 1 (SEGV_MAPERR), si_addr: 0x0000000000000000

Registers:
RAX=0x0000003000000018, RBX=0x0000000128150310, RCX=0x00000001281503f0, RDX=0x00007fe45074e768
RSP=0x0000000128150230, RBP=0x00000001281502e0, RSI=0x00007fe45052c1b0, RDI=0x0000000128150238
R8 =0x0000000000000000, R9 =0x00007fff9a29ad90, R10=0x000000010e5ab899, R11=0x00007fe343a56f83
R12=0x00007fe45204f1e8, R13=0x00007fe45204f000, R14=0x00007fe45074e768, R15=0x0000000000000000
RIP=0x000000010e300077, EFLAGS=0x0000000000010206, ERR=0x0000000000000004
  TRAPNO=0x000000000000000e

Top of Stack: (sp=0x0000000128150230)
0x0000000128150230:   00000000000083b0 000000010e7e3290
0x0000000128150240:   00007fe45052c1b0 000000005052c160
0x0000000128150250:   00007fe400000063 0000000000000000
0x0000000128150260:   0000003000000018 00000001281503f0
0x0000000128150270:   0000000128150330 000000000000000c
0x0000000128150280:   0000000128150300 00007fe45204f000
0x0000000128150290:   00007fe45072f598 00007fe4000000c8
0x00000001281502a0:   000000010e5d7c38 00007fe45204f000
0x00000001281502b0:   00007fe45204f000 00007fe45074fef0
0x00000001281502c0:   00007fe450625dc4 00000001238ebed0
0x00000001281502d0:   0000000128150738 00007fe45224a000
0x00000001281502e0:   00000001281503e0 00000001271fcf1b
0x00000001281502f0:   00007fe45204f1e8 00007fe45074e768
0x0000000128150300:   0000000000000000 00007fe45204f1e8
0x0000000128150310:   0000003000000018 00000001281503f0
0x0000000128150320:   0000000128150330 00007fe45204f000
0x0000000128150330:   00000001281503c0 000000010e2f7fea
0x0000000128150340:   00007fe45204f000 0000000000000002
0x0000000128150350:   0000000000000000 00007fff9a29ad90
0x0000000128150360:   0000000128150390 00007fe45204f000
0x0000000128150370:   0000000000000000 00000001281503b0
0x0000000128150380:   00007fe450625b90 00007fe45204f000
0x0000000128150390:   00007fe45204f000 00007fe45074fef0
0x00000001281503a0:   00007fe450625dc4 00000001238ebed0
0x00000001281503b0:   0000000128150738 00007fe45224a000
0x00000001281503c0:   00000001281503e0 00000001271fc9a9
0x00000001281503d0:   000000012724256d 00007fe45204f1e8
0x00000001281503e0:   0000000128150410 00000001271fee41
0x00000001281503f0:   0000000250625b90 00007fe45074fef0
0x0000000128150400:   00007fe450625b70 0000000128150620
0x0000000128150410:   00000001281504a0 00000001271fe87b
0x0000000128150420:   0000000128150450 00007fe45074fef0 

Instructions: (pc=0x000000010e300077)
0x000000010e300057:   c0 10 48 89 85 58 ff ff ff 48 8b 43 10 48 89 45
0x000000010e300067:   90 48 8b 03 48 8b 4b 08 48 89 4d 88 48 89 45 80
0x000000010e300077:   49 8b 3f e8 e1 50 fd ff 48 8b 08 48 89 c7 4c 89
0x000000010e300087:   ee ff 91 90 00 00 00 49 83 7d 08 00 74 05 45 31 

Register to memory mapping:

RAX=0x0000003000000018 is an unknown value
RBX=0x0000000128150310 is pointing into the stack for thread: 0x00007fe45224a000
RCX=0x00000001281503f0 is pointing into the stack for thread: 0x00007fe45224a000
RDX=0x00007fe45074e768 is an unknown value
RSP=0x0000000128150230 is pointing into the stack for thread: 0x00007fe45224a000
RBP=0x00000001281502e0 is pointing into the stack for thread: 0x00007fe45224a000
RSI=0x00007fe45052c1b0 is an unknown value
RDI=0x0000000128150238 is pointing into the stack for thread: 0x00007fe45224a000
R8 =0x0000000000000000 is an unknown value
R9 =0x00007fff9a29ad90: zeroes+0 in /usr/lib/system/libsystem_c.dylib at 0x00007fff9a213000
R10=0x000000010e5ab899: _ZL24decode_instructions_name+0x9b1 in /Library/Java/JavaVirtualMachines/jdk1.8.0_20.jdk/Contents/Home/jre/lib/server/libjvm.dylib at 0x000000010e000000
R11=0x00007fe343a56f83 is an unknown value
R12=0x00007fe45204f1e8 is an unknown value
R13=0x00007fe45204f000 is a thread
R14=0x00007fe45074e768 is an unknown value
R15=0x0000000000000000 is an unknown value


Stack: [0x0000000128051000,0x0000000128151000],  sp=0x0000000128150230,  free space=1020k
Native frames: (J=compiled Java code, j=interpreted, Vv=VM code, C=native code)
V  [libjvm.dylib+0x300077]
C  [libgenerator.jnilib+0x11f1b]  _ZN7JNIEnv_22CallStaticObjectMethodEP7_jclassP10_jmethodIDz+0xb5
C  [libgenerator.jnilib+0x13e41]  _ZN3JVM13ColorSetClass11createEmptyEi+0x57
C  [libgenerator.jnilib+0x1387b]  _ZN3JVM13ColorSetClass8InstanceC1ESt6vectorISt4listISt4pairIddESaIS5_EESaIS7_EEPS0_+0x31
C  [libgenerator.jnilib+0x11796]  Java_cz_muni_fi_distributed_graph_NodeFactory_getNativeInit+0x387
j  cz.muni.fi.distributed.graph.NodeFactory.getNativeInit(Ljava/lang/String;IFLjava/util/List;Ljava/util/Map;)Ljava/util/Map;+0
j  cz.muni.fi.distributed.graph.NodeFactory.getAllValidNodes(Lcz/muni/fi/ctl/formula/Formula;)Ljava/util/Map;+39
j  cz.muni.fi.distributed.checker.FormulaVerificator.processNext(Lcz/muni/fi/ctl/formula/Formula;)V+16
j  cz.muni.fi.distributed.checker.FormulaVerificator.processFormula(Lcz/muni/fi/ctl/formula/Formula;)V+19
j  cz.muni.fi.distributed.checker.FormulaChecker.run()V+42
j  java.lang.Thread.run()V+11
v  ~StubRoutines::call_stub
V  [libjvm.dylib+0x2d429e]
V  [libjvm.dylib+0x2d4a2c]
V  [libjvm.dylib+0x2d4bd8]
V  [libjvm.dylib+0x32562b]
V  [libjvm.dylib+0x535a51]
V  [libjvm.dylib+0x537194]
V  [libjvm.dylib+0x45d35a]
C  [libsystem_pthread.dylib+0x32fc]  _pthread_body+0x83
C  [libsystem_pthread.dylib+0x3279]  _pthread_body+0x0
C  [libsystem_pthread.dylib+0x14b1]  thread_start+0xd
C  0x0000000000000000

Java frames: (J=compiled Java code, j=interpreted, Vv=VM code)
j  cz.muni.fi.distributed.graph.NodeFactory.getNativeInit(Ljava/lang/String;IFLjava/util/List;Ljava/util/Map;)Ljava/util/Map;+0
j  cz.muni.fi.distributed.graph.NodeFactory.getAllValidNodes(Lcz/muni/fi/ctl/formula/Formula;)Ljava/util/Map;+39
j  cz.muni.fi.distributed.checker.FormulaVerificator.processNext(Lcz/muni/fi/ctl/formula/Formula;)V+16
j  cz.muni.fi.distributed.checker.FormulaVerificator.processFormula(Lcz/muni/fi/ctl/formula/Formula;)V+19
j  cz.muni.fi.distributed.checker.FormulaChecker.run()V+42
j  java.lang.Thread.run()V+11
v  ~StubRoutines::call_stub

---------------  P R O C E S S  ---------------

Java Threads: ( => current thread )
  0x00007fe451858800 JavaThread "Thread-3" [_thread_blocked, id=21763, stack(0x000000012835a000,0x000000012845a000)]
  0x00007fe451857800 JavaThread "Thread-2" [_thread_blocked, id=21251, stack(0x0000000128257000,0x0000000128357000)]
  0x00007fe450992000 JavaThread "Thread-1" [_thread_blocked, id=20739, stack(0x0000000128154000,0x0000000128254000)]
=>0x00007fe45224a000 JavaThread "Thread-0" [_thread_in_native, id=20227, stack(0x0000000128051000,0x0000000128151000)]
  0x00007fe452050000 JavaThread "1" [_thread_in_vm, id=19715, stack(0x0000000127099000,0x0000000127199000)]
  0x00007fe45204f000 JavaThread "0" [_thread_in_vm, id=19203, stack(0x0000000126f96000,0x0000000127096000)]
  0x00007fe45080b800 JavaThread "Service Thread" daemon [_thread_blocked, id=18179, stack(0x0000000126ceb000,0x0000000126deb000)]
  0x00007fe45101e800 JavaThread "C1 CompilerThread2" daemon [_thread_blocked, id=17667, stack(0x0000000126be8000,0x0000000126ce8000)]
  0x00007fe451823800 JavaThread "C2 CompilerThread1" daemon [_thread_blocked, id=17155, stack(0x0000000126ae5000,0x0000000126be5000)]
  0x00007fe452045000 JavaThread "C2 CompilerThread0" daemon [_thread_blocked, id=16643, stack(0x00000001269e2000,0x0000000126ae2000)]
  0x00007fe452044800 JavaThread "Signal Dispatcher" daemon [_thread_blocked, id=13335, stack(0x00000001268df000,0x00000001269df000)]
  0x00007fe452015800 JavaThread "Finalizer" daemon [_thread_blocked, id=11523, stack(0x0000000124f99000,0x0000000125099000)]
  0x00007fe452015000 JavaThread "Reference Handler" daemon [_thread_blocked, id=11011, stack(0x0000000124e96000,0x0000000124f96000)]
  0x00007fe451000800 JavaThread "main" [_thread_blocked, id=3847, stack(0x000000010ef1c000,0x000000010f01c000)]

Other Threads:
  0x00007fe452010000 VMThread [stack: 0x0000000124d93000,0x0000000124e93000] [id=10499]
  0x00007fe45204a800 WatcherThread [stack: 0x0000000126dee000,0x0000000126eee000] [id=18691]

VM state:not at safepoint (normal execution)

VM Mutex/Monitor currently owned by a thread:  ([mutex/lock_event])
[0x00007fe4507029a0] Threads_lock - owner thread: 0x00007fe45112e800

Heap:
 PSYoungGen      total 38400K, used 23326K [0x0000000795580000, 0x0000000798000000, 0x00000007c0000000)
  eden space 33280K, 70% used [0x0000000795580000,0x0000000796c47a08,0x0000000797600000)
  from space 5120K, 0% used [0x0000000797b00000,0x0000000797b00000,0x0000000798000000)
  to   space 5120K, 0% used [0x0000000797600000,0x0000000797600000,0x0000000797b00000)
 ParOldGen       total 87552K, used 0K [0x0000000740000000, 0x0000000745580000, 0x0000000795580000)
  object space 87552K, 0% used [0x0000000740000000,0x0000000740000000,0x0000000745580000)
 Metaspace       used 6789K, capacity 7488K, committed 7680K, reserved 1056768K
  class space    used 839K, capacity 928K, committed 1024K, reserved 1048576K

Card table byte_map: [0x000000011e3e7000,0x000000011e7e8000] byte_map_base: 0x000000011a9e7000

Marking Bits: (ParMarkBitMap*) 0x000000010e89c330
 Begin Bits: [0x000000011ee9f000, 0x0000000120e9f000)
 End Bits:   [0x0000000120e9f000, 0x0000000122e9f000)

Polling page: 0x000000010d7ee000

CodeCache: size=245760Kb used=2280Kb max_used=2280Kb free=243479Kb
 bounds [0x000000010f027000, 0x000000010f297000, 0x000000011e027000]
 total_blobs=778 nmethods=475 adapters=218
 compilation: enabled

Compilation events (10 events):
Event: 0.535 Thread 0x00007fe45101e800 nmethod 462 0x000000010f25b2d0 code [0x000000010f25b440, 0x000000010f25b5f0]
Event: 0.535 Thread 0x00007fe45101e800  463       3       java.util.ArrayDeque::addLast (53 bytes)
Event: 0.535 Thread 0x00007fe45101e800 nmethod 463 0x000000010f25abd0 code [0x000000010f25ad60, 0x000000010f25b158]
Event: 0.539 Thread 0x00007fe45101e800  466       3       java.util.ArrayList::add (29 bytes)
Event: 0.540 Thread 0x00007fe45101e800 nmethod 466 0x000000010f25e8d0 code [0x000000010f25ea80, 0x000000010f25efa8]
Event: 0.540 Thread 0x00007fe45101e800  464       3       com.google.common.collect.Cut::belowAll (4 bytes)
Event: 0.541 Thread 0x00007fe45101e800 nmethod 464 0x000000010f25a810 code [0x000000010f25a980, 0x000000010f25ab10]
Event: 0.541 Thread 0x00007fe45101e800  465       3       com.google.common.collect.Cut$BelowAll::access$000 (4 bytes)
Event: 0.541 Thread 0x00007fe45101e800 nmethod 465 0x000000010f25e5d0 code [0x000000010f25e720, 0x000000010f25e850]
Event: 0.541 Thread 0x00007fe45101e800  468       3       java.nio.DirectByteBuffer::ix (10 bytes)

GC Heap History (0 events):
No events

Deoptimization events (1 events):
Event: 0.351 Thread 0x00007fe45204f000 Uncommon trap: reason=unreached action=reinterpret pc=0x000000010f1cebe0 method=java.util.HashMap.getNode(ILjava/lang/Object;)Ljava/util/HashMap$Node; @ 116

Internal exceptions (10 events):
Event: 0.540 Thread 0x00007fe45224a000 Exception <a 'java/security/PrivilegedActionException'> (0x00000007967c2840) thrown at [/HUDSON3/workspace/8-2-build-macosx-x86_64/jdk8u20/1074/hotspot/src/share/vm/prims/jvm.cpp, line 1275]
Event: 0.540 Thread 0x00007fe45224a000 Exception <a 'java/security/PrivilegedActionException'> (0x00000007967c3bf0) thrown at [/HUDSON3/workspace/8-2-build-macosx-x86_64/jdk8u20/1074/hotspot/src/share/vm/prims/jvm.cpp, line 1275]
Event: 0.540 Thread 0x00007fe450992000 Exception <a 'java/security/PrivilegedActionException'> (0x00000007968678f8) thrown at [/HUDSON3/workspace/8-2-build-macosx-x86_64/jdk8u20/1074/hotspot/src/share/vm/prims/jvm.cpp, line 1275]
Event: 0.540 Thread 0x00007fe450992000 Exception <a 'java/security/PrivilegedActionException'> (0x0000000796868650) thrown at [/HUDSON3/workspace/8-2-build-macosx-x86_64/jdk8u20/1074/hotspot/src/share/vm/prims/jvm.cpp, line 1275]
Event: 0.541 Thread 0x00007fe451858800 Exception <a 'java/security/PrivilegedActionException'> (0x00000007969af0a0) thrown at [/HUDSON3/workspace/8-2-build-macosx-x86_64/jdk8u20/1074/hotspot/src/share/vm/prims/jvm.cpp, line 1275]
Event: 0.541 Thread 0x00007fe451858800 Exception <a 'java/security/PrivilegedActionException'> (0x00000007969afd48) thrown at [/HUDSON3/workspace/8-2-build-macosx-x86_64/jdk8u20/1074/hotspot/src/share/vm/prims/jvm.cpp, line 1275]
Event: 0.541 Thread 0x00007fe451858800 Exception <a 'java/security/PrivilegedActionException'> (0x00000007969b34d8) thrown at [/HUDSON3/workspace/8-2-build-macosx-x86_64/jdk8u20/1074/hotspot/src/share/vm/prims/jvm.cpp, line 1275]
Event: 0.541 Thread 0x00007fe451858800 Exception <a 'java/security/PrivilegedActionException'> (0x00000007969b4080) thrown at [/HUDSON3/workspace/8-2-build-macosx-x86_64/jdk8u20/1074/hotspot/src/share/vm/prims/jvm.cpp, line 1275]
Event: 0.541 Thread 0x00007fe45204f000 Exception <a 'java/lang/IllegalMonitorStateException'> (0x00000007966ec110) thrown at [/HUDSON3/workspace/8-2-build-macosx-x86_64/jdk8u20/1074/hotspot/src/share/vm/runtime/objectMonitor.cpp, line 1816]
Event: 0.541 Thread 0x00007fe45204f000 Exception <a 'java/lang/IllegalMonitorStateException': cz/muni/fi/model/TreeColorSet> (0x00000007966ec110) thrown at [/HUDSON3/workspace/8-2-build-macosx-x86_64/jdk8u20/1074/hotspot/src/share/vm/classfile/systemDictionary.cpp, line 200]

Events (10 events):
Event: 0.540 loading class cz/muni/fi/distributed/checker/FormulaVerificator
Event: 0.540 loading class cz/muni/fi/distributed/checker/FormulaVerificator done
Event: 0.540 loading class mpi/SimplePackerFactory
Event: 0.540 loading class mpi/SimplePackerFactory done
Event: 0.540 loading class mpi/SimplePackerInt
Event: 0.540 loading class mpi/SimplePackerInt done
Event: 0.541 loading class mpi/SimplePacker
Event: 0.541 loading class mpi/SimplePacker done
Event: 0.541 loading class cz/muni/fi/model/TreeColorSet
Event: 0.541 loading class cz/muni/fi/model/TreeColorSet done


Dynamic libraries:
0x000000000a9ce000 	/System/Library/Frameworks/Cocoa.framework/Versions/A/Cocoa
0x000000000a9ce000 	/System/Library/Frameworks/Security.framework/Versions/A/Security
0x000000000a9ce000 	/System/Library/Frameworks/ApplicationServices.framework/Versions/A/ApplicationServices
0x000000000a9ce000 	/usr/lib/libz.1.dylib
0x000000000a9ce000 	/usr/lib/libSystem.B.dylib
0x000000000a9ce000 	/usr/lib/libobjc.A.dylib
0x000000000a9ce000 	/System/Library/Frameworks/CoreFoundation.framework/Versions/A/CoreFoundation
0x000000000a9ce000 	/System/Library/Frameworks/Foundation.framework/Versions/C/Foundation
0x000000000a9ce000 	/System/Library/Frameworks/AppKit.framework/Versions/C/AppKit
0x000000000a9ce000 	/System/Library/Frameworks/CoreData.framework/Versions/A/CoreData
0x000000000a9ce000 	/System/Library/PrivateFrameworks/RemoteViewServices.framework/Versions/A/RemoteViewServices
0x000000000a9ce000 	/System/Library/PrivateFrameworks/UIFoundation.framework/Versions/A/UIFoundation
0x000000000a9ce000 	/System/Library/Frameworks/IOSurface.framework/Versions/A/IOSurface
0x000000000a9ce000 	/System/Library/Frameworks/AudioToolbox.framework/Versions/A/AudioToolbox
0x000000000a9ce000 	/System/Library/Frameworks/AudioUnit.framework/Versions/A/AudioUnit
0x000000000a9ce000 	/System/Library/PrivateFrameworks/DataDetectorsCore.framework/Versions/A/DataDetectorsCore
0x000000000a9ce000 	/System/Library/PrivateFrameworks/DesktopServicesPriv.framework/Versions/A/DesktopServicesPriv
0x000000000a9ce000 	/System/Library/Frameworks/Carbon.framework/Versions/A/Frameworks/HIToolbox.framework/Versions/A/HIToolbox
0x000000000a9ce000 	/System/Library/Frameworks/QuartzCore.framework/Versions/A/QuartzCore
0x000000000a9ce000 	/System/Library/Frameworks/Carbon.framework/Versions/A/Frameworks/SpeechRecognition.framework/Versions/A/SpeechRecognition
0x000000000a9ce000 	/usr/lib/libauto.dylib
0x000000000a9ce000 	/usr/lib/libicucore.A.dylib
0x000000000a9ce000 	/usr/lib/libxml2.2.dylib
0x000000000a9ce000 	/System/Library/PrivateFrameworks/CoreUI.framework/Versions/A/CoreUI
0x000000000a9ce000 	/System/Library/Frameworks/CoreAudio.framework/Versions/A/CoreAudio
0x000000000a9ce000 	/System/Library/Frameworks/DiskArbitration.framework/Versions/A/DiskArbitration
0x000000000a9ce000 	/usr/lib/liblangid.dylib
0x000000000a9ce000 	/System/Library/PrivateFrameworks/MultitouchSupport.framework/Versions/A/MultitouchSupport
0x000000000a9ce000 	/System/Library/Frameworks/IOKit.framework/Versions/A/IOKit
0x000000000a9ce000 	/usr/lib/libDiagnosticMessagesClient.dylib
0x000000000a9ce000 	/System/Library/Frameworks/CoreServices.framework/Versions/A/CoreServices
0x000000000a9ce000 	/System/Library/PrivateFrameworks/PerformanceAnalysis.framework/Versions/A/PerformanceAnalysis
0x000000000a9ce000 	/System/Library/PrivateFrameworks/GenerationalStorage.framework/Versions/A/GenerationalStorage
0x000000000a9ce000 	/System/Library/Frameworks/OpenGL.framework/Versions/A/OpenGL
0x000000000a9ce000 	/System/Library/PrivateFrameworks/Sharing.framework/Versions/A/Sharing
0x000000000a9ce000 	/System/Library/Frameworks/CoreGraphics.framework/Versions/A/CoreGraphics
0x000000000a9ce000 	/System/Library/Frameworks/CoreText.framework/Versions/A/CoreText
0x000000000a9ce000 	/System/Library/Frameworks/ImageIO.framework/Versions/A/ImageIO
0x000000000a9ce000 	/usr/lib/libextension.dylib
0x000000000a9ce000 	/System/Library/PrivateFrameworks/Backup.framework/Versions/A/Backup
0x000000000a9ce000 	/usr/lib/libarchive.2.dylib
0x000000000a9ce000 	/System/Library/Frameworks/CFNetwork.framework/Versions/A/CFNetwork
0x000000000a9ce000 	/System/Library/Frameworks/SystemConfiguration.framework/Versions/A/SystemConfiguration
0x000000000a9ce000 	/usr/lib/libCRFSuite.dylib
0x000000000a9ce000 	/usr/lib/libc++.1.dylib
0x000000000a9ce000 	/usr/lib/libc++abi.dylib
0x000000000a9ce000 	/usr/lib/system/libcache.dylib
0x000000000a9ce000 	/usr/lib/system/libcommonCrypto.dylib
0x000000000a9ce000 	/usr/lib/system/libcompiler_rt.dylib
0x000000000a9ce000 	/usr/lib/system/libcopyfile.dylib
0x000000000a9ce000 	/usr/lib/system/libcorecrypto.dylib
0x000000000a9ce000 	/usr/lib/system/libdispatch.dylib
0x000000000a9ce000 	/usr/lib/system/libdyld.dylib
0x000000000a9ce000 	/usr/lib/system/libkeymgr.dylib
0x000000000a9ce000 	/usr/lib/system/liblaunch.dylib
0x000000000a9ce000 	/usr/lib/system/libmacho.dylib
0x000000000a9ce000 	/usr/lib/system/libquarantine.dylib
0x000000000a9ce000 	/usr/lib/system/libremovefile.dylib
0x000000000a9ce000 	/usr/lib/system/libsystem_asl.dylib
0x000000000a9ce000 	/usr/lib/system/libsystem_blocks.dylib
0x000000000a9ce000 	/usr/lib/system/libsystem_c.dylib
0x000000000a9ce000 	/usr/lib/system/libsystem_configuration.dylib
0x000000000a9ce000 	/usr/lib/system/libsystem_coreservices.dylib
0x000000000a9ce000 	/usr/lib/system/libsystem_coretls.dylib
0x000000000a9ce000 	/usr/lib/system/libsystem_dnssd.dylib
0x000000000a9ce000 	/usr/lib/system/libsystem_info.dylib
0x000000000a9ce000 	/usr/lib/system/libsystem_kernel.dylib
0x000000000a9ce000 	/usr/lib/system/libsystem_m.dylib
0x000000000a9ce000 	/usr/lib/system/libsystem_malloc.dylib
0x000000000a9ce000 	/usr/lib/system/libsystem_network.dylib
0x000000000a9ce000 	/usr/lib/system/libsystem_networkextension.dylib
0x000000000a9ce000 	/usr/lib/system/libsystem_notify.dylib
0x000000000a9ce000 	/usr/lib/system/libsystem_platform.dylib
0x000000000a9ce000 	/usr/lib/system/libsystem_pthread.dylib
0x000000000a9ce000 	/usr/lib/system/libsystem_sandbox.dylib
0x000000000a9ce000 	/usr/lib/system/libsystem_secinit.dylib
0x000000000a9ce000 	/usr/lib/system/libsystem_stats.dylib
0x000000000a9ce000 	/usr/lib/system/libsystem_trace.dylib
0x000000000a9ce000 	/usr/lib/system/libunc.dylib
0x000000000a9ce000 	/usr/lib/system/libunwind.dylib
0x000000000a9ce000 	/usr/lib/system/libxpc.dylib
0x000000000a9ce000 	/usr/lib/libbz2.1.0.dylib
0x000000000a9ce000 	/usr/lib/liblzma.5.dylib
0x000000000a9ce000 	/usr/lib/libbsm.0.dylib
0x000000000a9ce000 	/usr/lib/libsqlite3.dylib
0x000000000a9ce000 	/usr/lib/system/libkxld.dylib
0x000000000a9ce000 	/usr/lib/libxar.1.dylib
0x000000000a9ce000 	/usr/lib/libpam.2.dylib
0x000000000a9ce000 	/usr/lib/libOpenScriptingUtil.dylib
0x000000000a9ce000 	/System/Library/Frameworks/CoreServices.framework/Versions/A/Frameworks/FSEvents.framework/Versions/A/FSEvents
0x000000000a9ce000 	/System/Library/Frameworks/CoreServices.framework/Versions/A/Frameworks/CarbonCore.framework/Versions/A/CarbonCore
0x000000000a9ce000 	/System/Library/Frameworks/CoreServices.framework/Versions/A/Frameworks/Metadata.framework/Versions/A/Metadata
0x000000000a9ce000 	/System/Library/Frameworks/CoreServices.framework/Versions/A/Frameworks/OSServices.framework/Versions/A/OSServices
0x000000000a9ce000 	/System/Library/Frameworks/CoreServices.framework/Versions/A/Frameworks/SearchKit.framework/Versions/A/SearchKit
0x000000000a9ce000 	/System/Library/Frameworks/CoreServices.framework/Versions/A/Frameworks/AE.framework/Versions/A/AE
0x000000000a9ce000 	/System/Library/Frameworks/CoreServices.framework/Versions/A/Frameworks/LaunchServices.framework/Versions/A/LaunchServices
0x000000000a9ce000 	/System/Library/Frameworks/CoreServices.framework/Versions/A/Frameworks/DictionaryServices.framework/Versions/A/DictionaryServices
0x000000000a9ce000 	/System/Library/Frameworks/NetFS.framework/Versions/A/NetFS
0x000000000a9ce000 	/System/Library/PrivateFrameworks/NetAuth.framework/Versions/A/NetAuth
0x000000000a9ce000 	/System/Library/PrivateFrameworks/login.framework/Versions/A/Frameworks/loginsupport.framework/Versions/A/loginsupport
0x000000000a9ce000 	/System/Library/PrivateFrameworks/TCC.framework/Versions/A/TCC
0x000000000a9ce000 	/usr/lib/libmecabra.dylib
0x000000000a9ce000 	/System/Library/PrivateFrameworks/LanguageModeling.framework/Versions/A/LanguageModeling
0x000000000a9ce000 	/usr/lib/libcmph.dylib
0x000000000a9ce000 	/usr/lib/libiconv.2.dylib
0x000000000a9ce000 	/System/Library/Frameworks/OpenDirectory.framework/Versions/A/Frameworks/CFOpenDirectory.framework/Versions/A/CFOpenDirectory
0x000000000a9ce000 	/System/Library/Frameworks/ServiceManagement.framework/Versions/A/ServiceManagement
0x000000000a9ce000 	/usr/lib/libxslt.1.dylib
0x000000000a9ce000 	/System/Library/Frameworks/Carbon.framework/Versions/A/Frameworks/Ink.framework/Versions/A/Ink
0x000000000a9ce000 	/System/Library/Frameworks/ApplicationServices.framework/Versions/A/Frameworks/ATS.framework/Versions/A/ATS
0x000000000a9ce000 	/System/Library/Frameworks/ApplicationServices.framework/Versions/A/Frameworks/ColorSync.framework/Versions/A/ColorSync
0x000000000a9ce000 	/System/Library/Frameworks/ApplicationServices.framework/Versions/A/Frameworks/HIServices.framework/Versions/A/HIServices
0x000000000a9ce000 	/System/Library/Frameworks/ApplicationServices.framework/Versions/A/Frameworks/LangAnalysis.framework/Versions/A/LangAnalysis
0x000000000a9ce000 	/System/Library/Frameworks/ApplicationServices.framework/Versions/A/Frameworks/PrintCore.framework/Versions/A/PrintCore
0x000000000a9ce000 	/System/Library/Frameworks/ApplicationServices.framework/Versions/A/Frameworks/QD.framework/Versions/A/QD
0x000000000a9ce000 	/System/Library/Frameworks/ApplicationServices.framework/Versions/A/Frameworks/SpeechSynthesis.framework/Versions/A/SpeechSynthesis
0x000000000a9ce000 	/System/Library/Frameworks/Accelerate.framework/Versions/A/Accelerate
0x000000000a9ce000 	/System/Library/Frameworks/Accelerate.framework/Versions/A/Frameworks/vImage.framework/Versions/A/vImage
0x000000000a9ce000 	/System/Library/Frameworks/Accelerate.framework/Versions/A/Frameworks/vecLib.framework/Versions/A/vecLib
0x000000000a9ce000 	/System/Library/Frameworks/Accelerate.framework/Versions/A/Frameworks/vecLib.framework/Versions/A/libvDSP.dylib
0x000000000a9ce000 	/System/Library/Frameworks/Accelerate.framework/Versions/A/Frameworks/vecLib.framework/Versions/A/libvMisc.dylib
0x000000000a9ce000 	/System/Library/Frameworks/Accelerate.framework/Versions/A/Frameworks/vecLib.framework/Versions/A/libLAPACK.dylib
0x000000000a9ce000 	/System/Library/Frameworks/Accelerate.framework/Versions/A/Frameworks/vecLib.framework/Versions/A/libBLAS.dylib
0x000000000a9ce000 	/System/Library/Frameworks/Accelerate.framework/Versions/A/Frameworks/vecLib.framework/Versions/A/libLinearAlgebra.dylib
0x000000000a9ce000 	/System/Library/Frameworks/ApplicationServices.framework/Versions/A/Frameworks/ATS.framework/Versions/A/Resources/libFontParser.dylib
0x000000000a9ce000 	/System/Library/Frameworks/ApplicationServices.framework/Versions/A/Frameworks/ATS.framework/Versions/A/Resources/libFontRegistry.dylib
0x000000000a9ce000 	/System/Library/PrivateFrameworks/AppleVPA.framework/Versions/A/AppleVPA
0x000000000a9ce000 	/System/Library/PrivateFrameworks/AppleJPEG.framework/Versions/A/AppleJPEG
0x000000000a9ce000 	/System/Library/Frameworks/ImageIO.framework/Versions/A/Resources/libJPEG.dylib
0x000000000a9ce000 	/System/Library/Frameworks/ImageIO.framework/Versions/A/Resources/libTIFF.dylib
0x000000000a9ce000 	/System/Library/Frameworks/ImageIO.framework/Versions/A/Resources/libPng.dylib
0x000000000a9ce000 	/System/Library/Frameworks/ImageIO.framework/Versions/A/Resources/libGIF.dylib
0x000000000a9ce000 	/System/Library/Frameworks/ImageIO.framework/Versions/A/Resources/libJP2.dylib
0x000000000a9ce000 	/System/Library/Frameworks/ImageIO.framework/Versions/A/Resources/libRadiance.dylib
0x000000000a9ce000 	/System/Library/Frameworks/CoreVideo.framework/Versions/A/CoreVideo
0x000000000a9ce000 	/System/Library/Frameworks/OpenGL.framework/Versions/A/Libraries/libGLU.dylib
0x000000000a9ce000 	/System/Library/Frameworks/OpenGL.framework/Versions/A/Libraries/libGFXShared.dylib
0x000000000a9ce000 	/System/Library/Frameworks/OpenGL.framework/Versions/A/Libraries/libGL.dylib
0x000000000a9ce000 	/System/Library/Frameworks/OpenGL.framework/Versions/A/Libraries/libGLImage.dylib
0x000000000a9ce000 	/System/Library/Frameworks/OpenGL.framework/Versions/A/Libraries/libCVMSPluginSupport.dylib
0x000000000a9ce000 	/System/Library/Frameworks/OpenGL.framework/Versions/A/Libraries/libCoreVMClient.dylib
0x000000000a9ce000 	/usr/lib/libcups.2.dylib
0x000000000a9ce000 	/System/Library/Frameworks/Kerberos.framework/Versions/A/Kerberos
0x000000000a9ce000 	/System/Library/Frameworks/GSS.framework/Versions/A/GSS
0x000000000a9ce000 	/usr/lib/libresolv.9.dylib
0x000000000a9ce000 	/System/Library/PrivateFrameworks/Heimdal.framework/Versions/A/Heimdal
0x000000000a9ce000 	/usr/lib/libheimdal-asn1.dylib
0x000000000a9ce000 	/System/Library/Frameworks/OpenDirectory.framework/Versions/A/OpenDirectory
0x000000000a9ce000 	/System/Library/PrivateFrameworks/CommonAuth.framework/Versions/A/CommonAuth
0x000000000a9ce000 	/System/Library/Frameworks/SecurityFoundation.framework/Versions/A/SecurityFoundation
0x000000000a9ce000 	/System/Library/Frameworks/QuartzCore.framework/Versions/A/Frameworks/CoreImage.framework/Versions/A/CoreImage
0x000000000a9ce000 	/System/Library/PrivateFrameworks/CrashReporterSupport.framework/Versions/A/CrashReporterSupport
0x000000000a9ce000 	/System/Library/Frameworks/OpenCL.framework/Versions/A/OpenCL
0x000000000a9ce000 	/System/Library/PrivateFrameworks/FaceCore.framework/Versions/A/FaceCore
0x000000000a9ce000 	/System/Library/PrivateFrameworks/Ubiquity.framework/Versions/A/Ubiquity
0x000000000a9ce000 	/System/Library/PrivateFrameworks/IconServices.framework/Versions/A/IconServices
0x000000000a9ce000 	/System/Library/PrivateFrameworks/ChunkingLibrary.framework/Versions/A/ChunkingLibrary
0x000000000a9ce000 	/System/Library/PrivateFrameworks/Apple80211.framework/Versions/A/Apple80211
0x000000000a9ce000 	/System/Library/Frameworks/CoreWLAN.framework/Versions/A/CoreWLAN
0x000000000a9ce000 	/System/Library/Frameworks/IOBluetooth.framework/Versions/A/IOBluetooth
0x000000000a9ce000 	/System/Library/PrivateFrameworks/CoreWiFi.framework/Versions/A/CoreWiFi
0x000000000a9ce000 	/System/Library/Frameworks/CoreBluetooth.framework/Versions/A/CoreBluetooth
0x000000000a9ce000 	/System/Library/PrivateFrameworks/DebugSymbols.framework/Versions/A/DebugSymbols
0x000000000a9ce000 	/System/Library/PrivateFrameworks/CoreSymbolication.framework/Versions/A/CoreSymbolication
0x000000000a9ce000 	/System/Library/PrivateFrameworks/Symbolication.framework/Versions/A/Symbolication
0x000000000a9ce000 	/System/Library/PrivateFrameworks/SpeechRecognitionCore.framework/Versions/A/SpeechRecognitionCore
0x000000010e000000 	/Library/Java/JavaVirtualMachines/jdk1.8.0_20.jdk/Contents/Home/jre/lib/server/libjvm.dylib
0x000000000a9ce000 	/usr/lib/libstdc++.6.dylib
0x000000010d7ac000 	/Library/Java/JavaVirtualMachines/jdk1.8.0_20.jdk/Contents/Home/jre/lib/libverify.dylib
0x000000010d7ba000 	/Library/Java/JavaVirtualMachines/jdk1.8.0_20.jdk/Contents/Home/jre/lib/libjava.dylib
0x000000010f01e000 	/Library/Java/JavaVirtualMachines/jdk1.8.0_20.jdk/Contents/Home/jre/lib/libzip.dylib
0x000000012509b000 	/System/Library/Frameworks/JavaVM.framework/Frameworks/JavaRuntimeSupport.framework/JavaRuntimeSupport
0x00000001250b3000 	/System/Library/Frameworks/JavaVM.framework/Versions/A/Frameworks/JavaNativeFoundation.framework/Versions/A/JavaNativeFoundation
0x00000001250c8000 	/System/Library/Frameworks/JavaVM.framework/Versions/A/JavaVM
0x000000000a9ce000 	/System/Library/Frameworks/Carbon.framework/Versions/A/Carbon
0x00000001250d5000 	/System/Library/PrivateFrameworks/JavaLaunching.framework/Versions/A/JavaLaunching
0x000000000a9ce000 	/System/Library/Frameworks/Carbon.framework/Versions/A/Frameworks/CommonPanels.framework/Versions/A/CommonPanels
0x000000000a9ce000 	/System/Library/Frameworks/Carbon.framework/Versions/A/Frameworks/Help.framework/Versions/A/Help
0x000000000a9ce000 	/System/Library/Frameworks/Carbon.framework/Versions/A/Frameworks/ImageCapture.framework/Versions/A/ImageCapture
0x000000000a9ce000 	/System/Library/Frameworks/Carbon.framework/Versions/A/Frameworks/OpenScripting.framework/Versions/A/OpenScripting
0x000000000a9ce000 	/System/Library/Frameworks/Carbon.framework/Versions/A/Frameworks/Print.framework/Versions/A/Print
0x000000000a9ce000 	/System/Library/Frameworks/Carbon.framework/Versions/A/Frameworks/SecurityHI.framework/Versions/A/SecurityHI
0x0000000126f36000 	/Library/Java/JavaVirtualMachines/jdk1.8.0_20.jdk/Contents/Home/jre/lib/libnet.dylib
0x00000001271eb000 	/Users/daemontus/Synced/Java Development/Parametrized CTL Model Checker/nlib/libgenerator.jnilib
0x00000001272fc000 	/usr/local/opt/gcc/lib/gcc/x86_64-apple-darwin14.0.0/4.9.2/libstdc++.6.dylib
0x00000001274b3000 	/usr/local/Cellar/gcc/4.9.2/lib/gcc/x86_64-apple-darwin14.0.0/4.9.2/libgcc_s.1.dylib
0x00000001274db000 	/private/var/folders/c2/szfmqz_x4hxgpm4qxbnmrq440000gn/T/libgenerator1425503862465782092.jnilib

VM Arguments:
java_command: runtime.starter.MulticoreStarter /Users/daemontus/Synced/Java Development/Parametrized CTL Model Checker/nlib 2 smpdev useLocalLoader EMPTY /Users/daemontus/Synced/Java Development/Parametrized CTL Model Checker/nlib/../out/artifacts/Parametrized_CTL_Model_Checker_jar/Parametrized CTL Model Checker.jar EX {pRB < 10.0}
java_class_path (initial): /usr/local/lib/mpj-0.43/lib/smpdev.jar:/usr/local/lib/mpj-0.43/lib/xdev.jar:/usr/local/lib/mpj-0.43/lib/mpjbuf.jar:/usr/local/lib/mpj-0.43/lib/loader2.jar:/usr/local/lib/mpj-0.43/lib/starter.jar:/usr/local/lib/mpj-0.43/lib/mpiExp.jar
Launcher Type: SUN_STANDARD

Environment Variables:
PATH=/usr/local/lib/mpj-0.43/bin:/sw/bin:/sw/sbin:/Applications/Android Studio.app/sdk/platform-tools:/Users/daemontus/NextBigThing:/opt/local/bin:/opt/local/sbin:/Library/Frameworks/Python.framework/Versions/2.7/bin:/usr/local/bin:/usr/bin:/bin:/usr/sbin:/sbin:/opt/X11/bin:/usr/texbin:/Applications/ImageMagick-6.8.5/bin
SHELL=/bin/bash
DISPLAY=/private/tmp/com.apple.launchd.CmX3b12G8A/org.macosforge.xquartz:0

Signal Handlers:
SIGSEGV: [libjvm.dylib+0x578fd7], sa_mask[0]=11111111011111110111111111111111, sa_flags=SA_ONSTACK|SA_RESTART|SA_SIGINFO
SIGBUS: [libjvm.dylib+0x578fd7], sa_mask[0]=11111111011111110111111111111111, sa_flags=SA_RESTART|SA_SIGINFO
SIGFPE: [libjvm.dylib+0x45ab0c], sa_mask[0]=11111111011111110111111111111111, sa_flags=SA_RESTART|SA_SIGINFO
SIGPIPE: [libjvm.dylib+0x45ab0c], sa_mask[0]=11111111011111110111111111111111, sa_flags=SA_RESTART|SA_SIGINFO
SIGXFSZ: [libjvm.dylib+0x45ab0c], sa_mask[0]=11111111011111110111111111111111, sa_flags=SA_RESTART|SA_SIGINFO
SIGILL: [libjvm.dylib+0x45ab0c], sa_mask[0]=11111111011111110111111111111111, sa_flags=SA_RESTART|SA_SIGINFO
SIGUSR1: SIG_DFL, sa_mask[0]=11011111011111100000000111000110, sa_flags=none
SIGUSR2: [libjvm.dylib+0x45a62a], sa_mask[0]=00100000000000000000000000000000, sa_flags=SA_RESTART|SA_SIGINFO
SIGHUP: [libjvm.dylib+0x458bfd], sa_mask[0]=11111111011111110111111111111111, sa_flags=SA_RESTART|SA_SIGINFO
SIGINT: [libjvm.dylib+0x458bfd], sa_mask[0]=11111111011111110111111111111111, sa_flags=SA_RESTART|SA_SIGINFO
SIGTERM: [libjvm.dylib+0x458bfd], sa_mask[0]=11111111011111110111111111111111, sa_flags=SA_RESTART|SA_SIGINFO
SIGQUIT: [libjvm.dylib+0x458bfd], sa_mask[0]=11111111011111110111111111111111, sa_flags=SA_RESTART|SA_SIGINFO


---------------  S Y S T E M  ---------------

OS:Bsduname:Darwin 14.0.0 Darwin Kernel Version 14.0.0: Fri Sep 19 00:26:44 PDT 2014; root:xnu-2782.1.97~2/RELEASE_X86_64 x86_64
rlimit: STACK 8192k, CORE 0k, NPROC 709, NOFILE 10240, AS infinity
load average:1.78 1.99 1.95

CPU:total 4 (2 cores per cpu, 2 threads per core) family 6 model 58 stepping 9, cmov, cx8, fxsr, mmx, sse, sse2, sse3, ssse3, sse4.1, sse4.2, popcnt, avx, aes, clmul, erms, ht, tsc, tscinvbit, tscinv

Memory: 4k page, physical 8388608k(1846568k free)

/proc/meminfo:


vm_info: Java HotSpot(TM) 64-Bit Server VM (25.20-b23) for bsd-amd64 JRE (1.8.0_20-b26), built on Jul 30 2014 13:37:47 by "java_re" with gcc 4.2.1 (Based on Apple Inc. build 5658) (LLVM build 2336.9.00)

time: Tue Nov 25 19:18:19 2014
elapsed time: 0 seconds (0d 0h 0m 0s)

